\BOOKMARK [0][-]{dummy.1}{\376\377\000D\000e\000c\000l\000a\000r\000a\000t\000i\000o\000n\000\040\000o\000f\000\040\000A\000u\000t\000h\000o\000r\000s\000h\000i\000p}{}% 1
\BOOKMARK [0][-]{dummy.2}{\376\377\000A\000b\000s\000t\000r\000a\000c\000t}{}% 2
\BOOKMARK [0][-]{dummy.3}{\376\377\000A\000c\000k\000n\000o\000w\000l\000e\000d\000g\000e\000m\000e\000n\000t\000s}{}% 3
\BOOKMARK [0][-]{dummy.4}{\376\377\000C\000o\000n\000t\000e\000n\000t\000s}{}% 4
\BOOKMARK [0][-]{dummy.6}{\376\377\000A\000b\000b\000r\000e\000v\000i\000a\000t\000i\000o\000n\000s}{}% 5
\BOOKMARK [0][-]{chapter.9}{\376\377\0001\000\040\000I\000n\000t\000r\000o\000d\000u\000c\000t\000i\000o\000n}{}% 6
\BOOKMARK [1][-]{section.10}{\376\377\0001\000.\0001\000\040\000M\000u\000l\000t\000i\000m\000o\000d\000a\000l\000\040\000R\000e\000p\000r\000e\000s\000e\000n\000t\000a\000t\000i\000o\000n\000\040\000L\000e\000a\000r\000n\000i\000n\000g}{chapter.9}% 7
\BOOKMARK [1][-]{section.11}{\376\377\0001\000.\0002\000\040\000M\000o\000t\000i\000v\000a\000t\000i\000o\000n}{chapter.9}% 8
\BOOKMARK [0][-]{chapter.14}{\376\377\0002\000\040\000B\000a\000c\000k\000g\000r\000o\000u\000n\000d}{}% 9
\BOOKMARK [1][-]{section.15}{\376\377\0002\000.\0001\000\040\000I\000n\000t\000r\000o\000d\000u\000c\000t\000i\000o\000n}{chapter.14}% 10
\BOOKMARK [1][-]{section.16}{\376\377\0002\000.\0002\000\040\000W\000h\000a\000t\000\040\000a\000r\000e\000\040\000A\000r\000t\000i\000f\000i\000c\000a\000l\000\040\000N\000e\000u\000r\000a\000l\000\040\000N\000e\000t\000w\000o\000r\000k\000s\000\040\000g\000o\000o\000d\000\040\000a\000t\000?}{chapter.14}% 11
\BOOKMARK [2][-]{subsection.17}{\376\377\0002\000.\0002\000.\0001\000\040\000C\000l\000a\000s\000s\000i\000f\000i\000c\000a\000t\000i\000o\000n}{section.16}% 12
\BOOKMARK [2][-]{subsection.18}{\376\377\0002\000.\0002\000.\0002\000\040\000G\000e\000n\000e\000r\000a\000t\000i\000o\000n}{section.16}% 13
\BOOKMARK [2][-]{subsection.19}{\376\377\0002\000.\0002\000.\0003\000\040\000R\000e\000i\000n\000f\000o\000r\000c\000e\000m\000e\000n\000t\000\040\000L\000e\000a\000r\000n\000i\000n\000g}{section.16}% 14
\BOOKMARK [1][-]{section.20}{\376\377\0002\000.\0003\000\040\000W\000h\000a\000t\000\040\000a\000r\000e\000\040\000A\000r\000t\000i\000f\000i\000c\000i\000a\000l\000\040\000N\000e\000u\000r\000a\000l\000\040\000N\000e\000t\000w\000o\000r\000k\000s\000\040\000b\000a\000d\000\040\000a\000t\000?}{chapter.14}% 15
\BOOKMARK [2][-]{subsection.21}{\376\377\0002\000.\0003\000.\0001\000\040\000d\000a\000t\000a\000\040\000i\000n\000e\000f\000f\000c\000i\000e\000n\000c\000y}{section.20}% 16
\BOOKMARK [1][-]{section.22}{\376\377\0002\000.\0004\000\040\000H\000o\000w\000\040\000t\000o\000\040\000G\000e\000t\000\040\000O\000f\000f\000\040\000t\000h\000e\000\040\000S\000y\000m\000b\000o\000l\000\040\000G\000r\000o\000u\000n\000d\000i\000n\000g\000\040\000M\000e\000r\000r\000y\000-\000G\000o\000-\000R\000o\000u\000n\000d}{chapter.14}% 17
\BOOKMARK [2][-]{subsection.23}{\376\377\0002\000.\0004\000.\0001\000\040\000W\000h\000a\000t\000\040\000i\000s\000\040\000s\000y\000m\000b\000o\000l\000\040\000g\000r\000o\000u\000n\000d\000i\000n\000g\000?}{section.22}% 18
\BOOKMARK [2][-]{subsection.24}{\376\377\0002\000.\0004\000.\0002\000\040\000H\000o\000w\000\040\000d\000o\000\040\000h\000u\000m\000a\000n\000s\000\040\000d\000o\000\040\000i\000t\000?}{section.22}% 19
\BOOKMARK [2][-]{subsection.25}{\376\377\0002\000.\0004\000.\0003\000\040\000H\000o\000w\000\040\000d\000o\000\040\000m\000a\000c\000h\000i\000n\000e\000s\000\040\000d\000o\000\040\000i\000t\000?}{section.22}% 20
\BOOKMARK [1][-]{section.26}{\376\377\0002\000.\0005\000\040\000W\000h\000y\000\040\000b\000r\000a\000i\000n\000s\000\040\000a\000r\000e\000\040\000b\000e\000t\000t\000e\000r}{chapter.14}% 21
\BOOKMARK [2][-]{subsection.27}{\376\377\0002\000.\0005\000.\0001\000\040\000E\000m\000b\000o\000d\000i\000m\000e\000n\000t}{section.26}% 22
\BOOKMARK [3][-]{subsubsection.28}{\376\377\0002\000.\0005\000.\0001\000.\0001\000\040\000S\000e\000n\000s\000o\000r\000y\000\040\000R\000e\000d\000u\000n\000d\000a\000n\000c\000y}{subsection.27}% 23
\BOOKMARK [3][-]{subsubsection.29}{\376\377\0002\000.\0005\000.\0001\000.\0002\000\040\000B\000i\000o\000l\000o\000g\000i\000c\000a\000l\000\040\000F\000i\000l\000t\000e\000r\000s}{subsection.27}% 24
\BOOKMARK [2][-]{subsection.30}{\376\377\0002\000.\0005\000.\0002\000\040\000D\000e\000v\000e\000l\000o\000p\000m\000e\000n\000t}{section.26}% 25
\BOOKMARK [3][-]{subsubsection.31}{\376\377\0002\000.\0005\000.\0002\000.\0001\000\040\000B\000i\000o\000l\000o\000g\000i\000c\000a\000l\000\040\000F\000i\000l\000t\000e\000r\000s\000,\000\040\000a\000g\000a\000i\000n}{subsection.30}% 26
\BOOKMARK [2][-]{subsection.32}{\376\377\0002\000.\0005\000.\0003\000\040\000P\000u\000l\000l\000i\000n\000g\000\040\000y\000o\000u\000r\000s\000e\000l\000f\000\040\000u\000p\000\040\000b\000y\000\040\000t\000h\000e\000\040\000b\000o\000o\000t\000s\000t\000r\000a\000p\000s}{section.26}% 27
\BOOKMARK [2][-]{subsection.33}{\376\377\0002\000.\0005\000.\0004\000\040\000M\000a\000c\000h\000i\000n\000e\000\040\000E\000q\000u\000i\000v\000e\000l\000a\000n\000c\000y}{section.26}% 28
\BOOKMARK [3][-]{subsubsection.34}{\376\377\0002\000.\0005\000.\0004\000.\0001\000\040\000H\000o\000w\000\040\000d\000o\000\040\000w\000e\000\040\000s\000i\000m\000u\000l\000a\000t\000e\000\040\000E\000m\000b\000o\000d\000i\000m\000e\000n\000t\000\040\000f\000o\000r\000\040\000A\000N\000N\000s\000?}{subsection.33}% 29
\BOOKMARK [3][-]{subsubsection.35}{\376\377\0002\000.\0005\000.\0004\000.\0002\000\040\000H\000o\000w\000\040\000d\000o\000\040\000w\000e\000\040\000s\000i\000m\000u\000l\000a\000t\000e\000\040\000D\000e\000v\000e\000l\000o\000p\000m\000e\000n\000t\000\040\000f\000o\000r\000\040\000A\000N\000N\000s\000?}{subsection.33}% 30
\BOOKMARK [1][-]{section.36}{\376\377\0002\000.\0006\000\040\000W\000h\000e\000r\000e\000\040\000d\000o\000\040\000w\000e\000\040\000g\000o\000\040\000f\000r\000o\000m\000\040\000h\000e\000r\000e\000?}{chapter.14}% 31
\BOOKMARK [2][-]{subsection.37}{\376\377\0002\000.\0006\000.\0001\000\040\000R\000o\000b\000o\000t\000\040\000b\000o\000d\000i\000e\000s}{section.36}% 32
\BOOKMARK [2][-]{subsection.38}{\376\377\0002\000.\0006\000.\0002\000\040\000m\000u\000l\000t\000i\000m\000o\000d\000a\000l\000i\000t\000y}{section.36}% 33
\BOOKMARK [2][-]{subsection.39}{\376\377\0002\000.\0006\000.\0003\000\040\000t\000r\000a\000n\000s\000f\000e\000r\000\040\000l\000e\000a\000r\000n\000i\000n\000g}{section.36}% 34
\BOOKMARK [0][-]{chapter.40}{\376\377\0003\000\040\000A\000\040\000P\000r\000i\000m\000e\000r\000\040\000o\000n\000\040\000A\000r\000t\000i\000f\000i\000c\000a\000l\000\040\000N\000e\000u\000r\000a\000l\000\040\000N\000e\000t\000w\000o\000r\000k\000s}{}% 35
\BOOKMARK [1][-]{section.41}{\376\377\0003\000.\0001\000\040\000I\000n\000t\000r\000o\000d\000u\000c\000t\000i\000o\000n}{chapter.40}% 36
\BOOKMARK [1][-]{section.42}{\376\377\0003\000.\0002\000\040\000P\000e\000r\000c\000e\000p\000t\000r\000o\000n\000s}{chapter.40}% 37
\BOOKMARK [2][-]{subsection.43}{\376\377\0003\000.\0002\000.\0001\000\040\000W\000h\000a\000t\000\040\000i\000s\000\040\000a\000\040\000P\000e\000r\000c\000e\000p\000t\000r\000o\000n}{section.42}% 38
\BOOKMARK [2][-]{subsection.46}{\376\377\0003\000.\0002\000.\0002\000\040\000M\000u\000l\000t\000i\000-\000L\000a\000y\000e\000r\000\040\000P\000e\000r\000c\000e\000p\000t\000r\000o\000n}{section.42}% 39
\BOOKMARK [1][-]{section.48}{\376\377\0003\000.\0003\000\040\000A\000c\000t\000i\000v\000a\000t\000i\000o\000n\000\040\000F\000u\000n\000c\000t\000i\000o\000n\000s}{chapter.40}% 40
\BOOKMARK [2][-]{subsection.51}{\376\377\0003\000.\0003\000.\0001\000\040\000S\000i\000g\000m\000o\000i\000d\000\040\000N\000e\000u\000r\000o\000n\000s}{section.48}% 41
\BOOKMARK [3][-]{subsubsection.55}{\376\377\0003\000.\0003\000.\0001\000.\0001\000\040\000O\000t\000h\000e\000r\000\040\000a\000c\000t\000i\000v\000a\000t\000i\000o\000n\000\040\000f\000u\000n\000c\000t\000i\000o\000n\000s}{subsection.51}% 42
\BOOKMARK [1][-]{section.59}{\376\377\0003\000.\0004\000\040\000L\000e\000a\000r\000n\000i\000n\000g\000\040\000A\000l\000g\000o\000r\000i\000t\000h\000m\000s}{chapter.40}% 43
\BOOKMARK [2][-]{subsection.61}{\376\377\0003\000.\0004\000.\0001\000\040\000T\000y\000p\000e\000s\000\040\000o\000f\000\040\000T\000r\000a\000i\000n\000i\000n\000g}{section.59}% 44
\BOOKMARK [2][-]{subsection.62}{\376\377\0003\000.\0004\000.\0002\000\040\000C\000o\000s\000t\000\040\000f\000u\000n\000c\000t\000i\000o\000n\000s\000:\000\040\000H\000o\000w\000\040\000w\000r\000o\000n\000g\000\040\000a\000m\000\040\000I\000?}{section.59}% 45
\BOOKMARK [3][-]{subsubsection.63}{\376\377\0003\000.\0004\000.\0002\000.\0001\000\040\000M\000e\000a\000n\000\040\000S\000q\000u\000a\000r\000e\000d\000\040\000E\000r\000r\000o\000r}{subsection.62}% 46
\BOOKMARK [3][-]{subsubsection.65}{\376\377\0003\000.\0004\000.\0002\000.\0002\000\040\000C\000r\000o\000s\000s\000-\000E\000n\000t\000r\000o\000p\000y}{subsection.62}% 47
\BOOKMARK [3][-]{subsubsection.67}{\376\377\0003\000.\0004\000.\0002\000.\0003\000\040\000K\000u\000l\000l\000b\000a\000c\000k\000-\000L\000e\000i\000b\000l\000e\000r\000\040\000D\000i\000v\000e\000r\000g\000e\000n\000c\000e}{subsection.62}% 48
\BOOKMARK [2][-]{subsection.69}{\376\377\0003\000.\0004\000.\0003\000\040\000G\000r\000a\000d\000i\000e\000n\000t\000\040\000D\000e\000s\000c\000e\000n\000t}{section.59}% 49
\BOOKMARK [2][-]{subsection.77}{\376\377\0003\000.\0004\000.\0004\000\040\000B\000a\000c\000k\000p\000r\000o\000p\000a\000g\000a\000t\000i\000o\000n}{section.59}% 50
\BOOKMARK [2][-]{subsection.84}{\376\377\0003\000.\0004\000.\0005\000\040\000E\000x\000t\000e\000n\000s\000i\000o\000n\000s\000\040\000a\000n\000d\000\040\000I\000m\000p\000r\000o\000v\000e\000m\000e\000n\000t\000s}{section.59}% 51
\BOOKMARK [3][-]{subsubsection.85}{\376\377\0003\000.\0004\000.\0005\000.\0001\000\040\000L\000e\000a\000r\000n\000i\000n\000g\000\040\000R\000a\000t\000e\000\040\000S\000c\000h\000e\000d\000u\000l\000e}{subsection.84}% 52
\BOOKMARK [1][-]{section.88}{\376\377\0003\000.\0005\000\040\000C\000o\000n\000v\000o\000l\000u\000t\000i\000o\000n\000a\000l\000\040\000N\000e\000u\000r\000a\000l\000\040\000N\000e\000t\000w\000o\000r\000k\000s}{chapter.40}% 53
\BOOKMARK [2][-]{subsection.89}{\376\377\0003\000.\0005\000.\0001\000\040\000W\000h\000a\000t\000\040\000i\000s\000\040\000C\000o\000n\000v\000o\000l\000u\000t\000i\000o\000n\000?}{section.88}% 54
\BOOKMARK [3][-]{subsubsection.90}{\376\377\0003\000.\0005\000.\0001\000.\0001\000\040\000K\000e\000r\000n\000e\000l\000s}{subsection.89}% 55
\BOOKMARK [3][-]{subsubsection.91}{\376\377\0003\000.\0005\000.\0001\000.\0002\000\040\000S\000t\000r\000i\000d\000e\000s}{subsection.89}% 56
\BOOKMARK [3][-]{subsubsection.92}{\376\377\0003\000.\0005\000.\0001\000.\0003\000\040\000D\000i\000l\000a\000t\000i\000o\000n\000s}{subsection.89}% 57
\BOOKMARK [2][-]{subsection.93}{\376\377\0003\000.\0005\000.\0002\000\040\000T\000r\000a\000n\000s\000p\000o\000s\000e\000d\000\040\000C\000o\000n\000v\000o\000l\000u\000t\000i\000o\000n\000s}{section.88}% 58
\BOOKMARK [1][-]{section.94}{\376\377\0003\000.\0006\000\040\000R\000e\000c\000u\000r\000r\000e\000n\000t\000\040\000N\000e\000u\000r\000a\000l\000\040\000N\000e\000t\000w\000o\000r\000k\000s}{chapter.40}% 59
\BOOKMARK [2][-]{subsection.95}{\376\377\0003\000.\0006\000.\0001\000\040\000V\000a\000n\000i\000l\000l\000a\000\040\000R\000N\000N}{section.94}% 60
\BOOKMARK [2][-]{subsection.96}{\376\377\0003\000.\0006\000.\0002\000\040\000G\000a\000t\000e\000d\000\040\000R\000N\000N}{section.94}% 61
\BOOKMARK [1][-]{section.99}{\376\377\0003\000.\0007\000\040\000S\000u\000m\000m\000a\000r\000y}{chapter.40}% 62
\BOOKMARK [0][-]{chapter.100}{\376\377\0004\000\040\000S\000e\000n\000s\000o\000r\000y\000\040\000R\000e\000d\000u\000n\000d\000a\000n\000c\000y\000:\000\040\000A\000r\000e\000\040\000t\000w\000o\000\040\000h\000e\000a\000d\000s\000\040\000b\000e\000t\000t\000e\000r\000\040\000t\000h\000a\000n\000\040\000o\000n\000e\000?}{}% 63
\BOOKMARK [1][-]{section.101}{\376\377\0004\000.\0001\000\040\000W\000h\000y\000\040\000h\000a\000v\000e\000\040\000o\000n\000e\000\040\000s\000e\000n\000s\000o\000r\000\040\000w\000h\000e\000n\000\040\000t\000w\000o\000\040\000a\000r\000e\000\040\000b\000e\000t\000t\000e\000r\000?}{chapter.100}% 64
\BOOKMARK [1][-]{section.102}{\376\377\0004\000.\0002\000\040\000G\000e\000n\000e\000r\000a\000t\000i\000n\000g\000\040\000i\000m\000a\000g\000e\000s\000\040\000f\000r\000o\000m\000\040\000n\000a\000t\000u\000r\000a\000l\000\040\000l\000a\000n\000g\000u\000a\000g\000e}{chapter.100}% 65
\BOOKMARK [2][-]{subsection.103}{\376\377\0004\000.\0002\000.\0001\000\040\000A\000i\000m\000s}{section.102}% 66
\BOOKMARK [2][-]{subsection.104}{\376\377\0004\000.\0002\000.\0002\000\040\000U\000C\000U\000\040\000A\000r\000a\000b\000i\000c\000\040\000S\000p\000o\000k\000e\000n\000\040\000D\000i\000g\000i\000t\000s\000\040\000a\000n\000d\000\040\000M\000N\000I\000S\000T}{section.102}% 67
\BOOKMARK [3][-]{subsubsection.105}{\376\377\0004\000.\0002\000.\0002\000.\0001\000\040\000U\000C\000U\000\040\000A\000r\000a\000b\000i\000c\000\040\000S\000p\000o\000k\000e\000n\000\040\000D\000i\000g\000i\000t\000s}{subsection.104}% 68
\BOOKMARK [3][-]{subsubsection.109}{\376\377\0004\000.\0002\000.\0002\000.\0002\000\040\000M\000N\000I\000S\000T\000\040\000H\000a\000n\000d\000w\000r\000i\000t\000t\000e\000n\000\040\000D\000i\000g\000i\000t\000s}{subsection.104}% 69
\BOOKMARK [2][-]{subsection.110}{\376\377\0004\000.\0002\000.\0003\000\040\000P\000r\000o\000b\000l\000e\000m\000\040\000D\000e\000s\000c\000r\000i\000p\000t\000i\000o\000n}{section.102}% 70
\BOOKMARK [3][-]{subsubsection.111}{\376\377\0004\000.\0002\000.\0003\000.\0001\000\040\000C\000l\000a\000s\000s\000i\000f\000i\000c\000a\000t\000i\000o\000n}{subsection.110}% 71
\BOOKMARK [3][-]{subsubsection.112}{\376\377\0004\000.\0002\000.\0003\000.\0002\000\040\000B\000i\000d\000i\000r\000e\000c\000t\000i\000o\000n\000a\000l\000\040\000S\000y\000m\000b\000o\000l\000\040\000G\000r\000o\000u\000n\000d\000i\000n\000g}{subsection.110}% 72
\BOOKMARK [2][-]{subsection.113}{\376\377\0004\000.\0002\000.\0004\000\040\000E\000x\000p\000e\000r\000i\000m\000e\000n\000t\000\040\000D\000e\000t\000a\000i\000l\000s}{section.102}% 73
\BOOKMARK [3][-]{subsubsection.114}{\376\377\0004\000.\0002\000.\0004\000.\0001\000\040\000D\000a\000t\000a\000p\000l\000u\000m\000b\000i\000n\000g}{subsection.113}% 74
\BOOKMARK [4][-]{paragraph.115}{\376\377\0004\000.\0002\000.\0004\000.\0001\000.\0001\000\040\000C\000o\000m\000b\000i\000n\000i\000n\000g\000\040\000D\000a\000t\000a\000s\000e\000t\000s}{subsubsection.114}% 75
\BOOKMARK [4][-]{paragraph.116}{\376\377\0004\000.\0002\000.\0004\000.\0001\000.\0002\000\040\000M\000e\000r\000g\000i\000n\000g\000\040\000M\000o\000d\000a\000l\000i\000t\000i\000e\000s}{subsubsection.114}% 76
\BOOKMARK [3][-]{subsubsection.119}{\376\377\0004\000.\0002\000.\0004\000.\0002\000\040\000T\000r\000a\000i\000n\000i\000n\000g\000\040\000P\000r\000o\000c\000e\000d\000u\000r\000e\000s}{subsection.113}% 77
\BOOKMARK [4][-]{paragraph.120}{\376\377\0004\000.\0002\000.\0004\000.\0002\000.\0001\000\040\000B\000i\000m\000o\000d\000a\000l}{subsubsection.119}% 78
\BOOKMARK [4][-]{paragraph.121}{\376\377\0004\000.\0002\000.\0004\000.\0002\000.\0002\000\040\000R\000a\000n\000d\000o\000m\000l\000y\000\040\000D\000e\000g\000r\000a\000d\000e\000d}{subsubsection.119}% 79
\BOOKMARK [3][-]{subsubsection.122}{\376\377\0004\000.\0002\000.\0004\000.\0003\000\040\000T\000e\000s\000t\000i\000n\000g\000\040\000C\000o\000n\000d\000i\000t\000i\000o\000n\000s}{subsection.113}% 80
\BOOKMARK [4][-]{paragraph.123}{\376\377\0004\000.\0002\000.\0004\000.\0003\000.\0001\000\040\000B\000i\000m\000o\000d\000a\000l}{subsubsection.122}% 81
\BOOKMARK [4][-]{paragraph.124}{\376\377\0004\000.\0002\000.\0004\000.\0003\000.\0002\000\040\000I\000m\000a\000g\000e\000\040\000O\000n\000l\000y}{subsubsection.122}% 82
\BOOKMARK [4][-]{paragraph.125}{\376\377\0004\000.\0002\000.\0004\000.\0003\000.\0003\000\040\000M\000F\000C\000C\000\040\000O\000n\000l\000y}{subsubsection.122}% 83
\BOOKMARK [3][-]{subsubsection.126}{\376\377\0004\000.\0002\000.\0004\000.\0004\000\040\000N\000e\000t\000w\000o\000r\000k\000\040\000D\000e\000s\000c\000r\000i\000p\000t\000i\000o\000n}{subsection.113}% 84
\BOOKMARK [4][-]{paragraph.127}{\376\377\0004\000.\0002\000.\0004\000.\0004\000.\0001\000\040\000B\000a\000s\000e\000l\000i\000n\000e\000\040\000M\000o\000d\000e\000l\000s}{subsubsection.126}% 85
\BOOKMARK [4][-]{paragraph.130}{\376\377\0004\000.\0002\000.\0004\000.\0004\000.\0002\000\040\000M\000u\000l\000t\000i\000m\000o\000d\000a\000l\000\040\000A\000u\000t\000o\000e\000n\000c\000o\000d\000e\000r}{subsubsection.126}% 86
\BOOKMARK [2][-]{subsection.132}{\376\377\0004\000.\0002\000.\0005\000\040\000R\000e\000s\000u\000l\000t\000s}{section.102}% 87
\BOOKMARK [3][-]{subsubsection.133}{\376\377\0004\000.\0002\000.\0005\000.\0001\000\040\000C\000l\000a\000s\000s\000i\000f\000i\000c\000a\000t\000i\000o\000n\000\040\000R\000e\000s\000u\000l\000t\000s}{subsection.132}% 88
\BOOKMARK [3][-]{subsubsection.138}{\376\377\0004\000.\0002\000.\0005\000.\0002\000\040\000R\000e\000c\000o\000n\000s\000t\000r\000u\000c\000t\000i\000o\000n\000\040\000R\000e\000s\000u\000l\000t\000s}{subsection.132}% 89
\BOOKMARK [2][-]{subsection.141}{\376\377\0004\000.\0002\000.\0006\000\040\000D\000i\000s\000c\000u\000s\000s\000i\000o\000n}{section.102}% 90
\BOOKMARK [3][-]{subsubsection.142}{\376\377\0004\000.\0002\000.\0006\000.\0001\000\040\000D\000i\000s\000c\000u\000s\000s\000i\000o\000n\000\040\000o\000f\000\040\000C\000l\000a\000s\000s\000i\000f\000i\000c\000a\000t\000i\000o\000n\000\040\000R\000e\000s\000u\000l\000t\000s}{subsection.141}% 91
\BOOKMARK [3][-]{subsubsection.143}{\376\377\0004\000.\0002\000.\0006\000.\0002\000\040\000D\000i\000s\000c\000u\000s\000s\000i\000o\000n\000\040\000o\000f\000\040\000R\000e\000c\000o\000n\000s\000t\000r\000u\000c\000t\000i\000o\000n\000\040\000R\000e\000s\000u\000l\000t\000s}{subsection.141}% 92
\BOOKMARK [4][-]{paragraph.144}{\376\377\0004\000.\0002\000.\0006\000.\0002\000.\0001\000\040\000I\000m\000a\000g\000e\000\040\000r\000e\000c\000o\000n\000s\000t\000r\000u\000c\000t\000i\000o\000n\000\040\000f\000r\000o\000m\000\040\000M\000F\000C\000C\000s}{subsubsection.143}% 93
\BOOKMARK [4][-]{paragraph.145}{\376\377\0004\000.\0002\000.\0006\000.\0002\000.\0002\000\040\000M\000F\000C\000C\000\040\000r\000e\000c\000o\000n\000s\000t\000r\000u\000c\000t\000i\000o\000n\000\040\000f\000r\000o\000m\000\040\000I\000m\000a\000g\000e\000s}{subsubsection.143}% 94
\BOOKMARK [4][-]{paragraph.146}{\376\377\0004\000.\0002\000.\0006\000.\0002\000.\0003\000\040\000E\000f\000f\000e\000c\000t\000s\000\040\000o\000f\000\040\000r\000a\000n\000d\000o\000m\000l\000y\000\040\000d\000e\000g\000r\000a\000d\000i\000n\000g\000\040\000i\000n\000p\000u\000t\000s}{subsubsection.143}% 95
\BOOKMARK [4][-]{paragraph.147}{\376\377\0004\000.\0002\000.\0006\000.\0002\000.\0004\000\040\000M\000u\000l\000t\000i\000p\000l\000e\000\040\000g\000e\000n\000e\000r\000a\000t\000i\000o\000n\000s\000\040\000o\000f\000\040\000t\000h\000e\000\040\000s\000a\000m\000e\000\040\000d\000i\000g\000i\000t}{subsubsection.143}% 96
\BOOKMARK [1][-]{section.148}{\376\377\0004\000.\0003\000\040\000C\000o\000n\000c\000l\000u\000s\000i\000o\000n}{chapter.100}% 97
\BOOKMARK [0][-]{chapter.149}{\376\377\0005\000\040\000M\000a\000g\000i\000c\000a\000l\000\040\000V\000e\000c\000t\000o\000r\000s\000\040\000a\000n\000d\000\040\000W\000h\000e\000r\000e\000\040\000t\000o\000\040\000F\000i\000n\000d\000\040\000T\000h\000e\000m}{}% 98
\BOOKMARK [1][-]{section.150}{\376\377\0005\000.\0001\000\040\000A\000N\000N\000\040\000L\000a\000t\000e\000n\000t\000\040\000s\000p\000a\000c\000e\000:\000\040\000t\000h\000e\000\040\000F\000i\000n\000a\000l\000\040\000F\000r\000o\000n\000t\000i\000e\000r}{chapter.149}% 99
\BOOKMARK [2][-]{subsection.151}{\376\377\0005\000.\0001\000.\0001\000\040\000V\000e\000c\000t\000o\000r\000\040\000A\000r\000i\000t\000h\000e\000m\000a\000t\000i\000c\000\040\000E\000x\000p\000l\000a\000i\000n\000e\000d}{section.150}% 100
\BOOKMARK [1][-]{section.152}{\376\377\0005\000.\0002\000\040\000A\000r\000t\000i\000f\000i\000c\000a\000l\000\040\000S\000h\000a\000p\000e\000s\000\040\000D\000a\000t\000a\000s\000e\000t}{chapter.149}% 101
\BOOKMARK [2][-]{subsection.153}{\376\377\0005\000.\0002\000.\0001\000\040\000d\000a\000t\000a\000s\000e\000t\000\040\000d\000e\000s\000c\000r\000i\000p\000t\000i\000o\000n}{section.152}% 102
\BOOKMARK [2][-]{subsection.154}{\376\377\0005\000.\0002\000.\0002\000\040\000p\000r\000o\000b\000l\000e\000m\000\040\000d\000e\000s\000c\000r\000i\000p\000t\000i\000o\000n}{section.152}% 103
\BOOKMARK [2][-]{subsection.155}{\376\377\0005\000.\0002\000.\0003\000\040\000n\000e\000t\000w\000o\000r\000k\000\040\000d\000e\000s\000c\000r\000i\000p\000t\000i\000o\000n}{section.152}% 104
\BOOKMARK [2][-]{subsection.156}{\376\377\0005\000.\0002\000.\0004\000\040\000r\000e\000s\000u\000l\000t\000s}{section.152}% 105
\BOOKMARK [3][-]{subsubsection.157}{\376\377\0005\000.\0002\000.\0004\000.\0001\000\040\000I\000m\000a\000g\000e\000\040\000G\000e\000n\000e\000r\000a\000t\000i\000o\000n}{subsection.156}% 106
\BOOKMARK [3][-]{subsubsection.158}{\376\377\0005\000.\0002\000.\0004\000.\0002\000\040\000M\000u\000l\000t\000i\000l\000a\000b\000e\000l\000\040\000c\000l\000a\000s\000s\000i\000f\000i\000c\000a\000t\000i\000o\000n}{subsection.156}% 107
\BOOKMARK [3][-]{subsubsection.159}{\376\377\0005\000.\0002\000.\0004\000.\0003\000\040\000V\000e\000c\000t\000o\000r\000\040\000A\000r\000i\000t\000h\000e\000m\000a\000t\000i\000c}{subsection.156}% 108
\BOOKMARK [2][-]{subsection.160}{\376\377\0005\000.\0002\000.\0005\000\040\000d\000i\000s\000c\000u\000s\000s\000i\000o\000n}{section.152}% 109
\BOOKMARK [1][-]{section.161}{\376\377\0005\000.\0003\000\040\000R\000e\000a\000l\000\040\000S\000h\000a\000p\000e\000s\000\040\000D\000a\000t\000a\000s\000e\000t}{chapter.149}% 110
\BOOKMARK [2][-]{subsection.162}{\376\377\0005\000.\0003\000.\0001\000\040\000d\000a\000t\000a\000s\000e\000t\000\040\000d\000e\000s\000c\000r\000i\000p\000t\000i\000o\000n}{section.161}% 111
\BOOKMARK [2][-]{subsection.163}{\376\377\0005\000.\0003\000.\0002\000\040\000p\000r\000o\000b\000l\000e\000m\000\040\000d\000e\000s\000c\000r\000i\000p\000t\000i\000o\000n}{section.161}% 112
\BOOKMARK [2][-]{subsection.164}{\376\377\0005\000.\0003\000.\0003\000\040\000n\000e\000t\000w\000o\000r\000k\000\040\000d\000e\000s\000c\000r\000i\000p\000t\000i\000o\000n}{section.161}% 113
\BOOKMARK [2][-]{subsection.165}{\376\377\0005\000.\0003\000.\0004\000\040\000r\000e\000s\000u\000l\000t\000s}{section.161}% 114
\BOOKMARK [3][-]{subsubsection.166}{\376\377\0005\000.\0003\000.\0004\000.\0001\000\040\000I\000m\000a\000g\000e\000\040\000G\000e\000n\000e\000r\000a\000t\000i\000o\000n}{subsection.165}% 115
\BOOKMARK [3][-]{subsubsection.167}{\376\377\0005\000.\0003\000.\0004\000.\0002\000\040\000M\000u\000l\000t\000i\000l\000a\000b\000e\000l\000\040\000c\000l\000a\000s\000s\000i\000f\000i\000c\000a\000t\000i\000o\000n}{subsection.165}% 116
\BOOKMARK [3][-]{subsubsection.168}{\376\377\0005\000.\0003\000.\0004\000.\0003\000\040\000V\000e\000c\000t\000o\000r\000\040\000A\000r\000i\000t\000h\000e\000m\000a\000t\000i\000c}{subsection.165}% 117
\BOOKMARK [2][-]{subsection.169}{\376\377\0005\000.\0003\000.\0005\000\040\000d\000i\000s\000c\000u\000s\000s\000i\000o\000n}{section.161}% 118
\BOOKMARK [0][-]{chapter.170}{\376\377\0006\000\040\000T\000r\000a\000n\000s\000f\000e\000r\000\040\000L\000e\000a\000r\000n\000i\000n\000g\000:\000\040\000k\000i\000c\000k\000-\000s\000t\000a\000r\000t\000i\000n\000g\000\040\000t\000h\000e\000\040\000l\000e\000a\000r\000n\000i\000n\000g\000\040\000p\000r\000o\000c\000e\000s\000s}{}% 119
\BOOKMARK [1][-]{section.171}{\376\377\0006\000.\0001\000\040\000W\000h\000a\000t\000\040\000i\000s\000\040\000t\000r\000a\000n\000s\000f\000e\000r\000\040\000l\000e\000a\000r\000n\000i\000n\000g}{chapter.170}% 120
\BOOKMARK [2][-]{subsection.172}{\376\377\0006\000.\0001\000.\0001\000\040\000r\000a\000n\000d\000o\000m\000l\000y\000\040\000i\000n\000i\000t\000i\000a\000l\000i\000s\000e\000d\000\040\000n\000e\000t\000w\000o\000r\000k\000s}{section.171}% 121
\BOOKMARK [2][-]{subsection.173}{\376\377\0006\000.\0001\000.\0002\000\040\000A\000\040\000b\000i\000o\000l\000o\000g\000i\000c\000a\000l\000\040\000a\000n\000a\000l\000o\000g\000u\000e}{section.171}% 122
\BOOKMARK [1][-]{section.174}{\376\377\0006\000.\0002\000\040\000T\000h\000e\000\040\000i\000m\000p\000o\000r\000t\000a\000n\000c\000e\000\040\000o\000f\000\040\000t\000r\000a\000n\000s\000f\000e\000r\000\040\000l\000e\000a\000r\000n\000i\000n\000g}{chapter.170}% 123
\BOOKMARK [1][-]{section.175}{\376\377\0006\000.\0003\000\040\000M\000u\000l\000t\000i\000S\000e\000n\000s\000e\000\040\0001\000\040\000d\000a\000t\000a\000s\000e\000t}{chapter.170}% 124
\BOOKMARK [2][-]{subsection.176}{\376\377\0006\000.\0003\000.\0001\000\040\000d\000a\000t\000a\000s\000e\000t\000\040\000d\000e\000s\000c\000r\000i\000p\000t\000i\000o\000n}{section.175}% 125
\BOOKMARK [2][-]{subsection.177}{\376\377\0006\000.\0003\000.\0002\000\040\000p\000r\000o\000b\000l\000e\000m\000\040\000d\000e\000s\000c\000r\000i\000p\000t\000i\000o\000n\000:\000\040\000i\000m\000a\000g\000e\000\040\000g\000e\000n\000e\000r\000a\000t\000i\000o\000n\000\040\000f\000r\000o\000m\000\040\000r\000a\000w\000\040\000s\000p\000e\000e\000c\000h\000\040\000a\000u\000d\000i\000o}{section.175}% 126
\BOOKMARK [2][-]{subsection.178}{\376\377\0006\000.\0003\000.\0003\000\040\000n\000e\000t\000w\000o\000r\000k\000\040\000d\000e\000s\000c\000r\000i\000p\000t\000i\000o\000n}{section.175}% 127
\BOOKMARK [2][-]{subsection.179}{\376\377\0006\000.\0003\000.\0004\000\040\000r\000e\000s\000u\000l\000t\000s}{section.175}% 128
\BOOKMARK [2][-]{subsection.180}{\376\377\0006\000.\0003\000.\0005\000\040\000d\000i\000s\000c\000u\000s\000s\000i\000o\000n}{section.175}% 129
\BOOKMARK [0][-]{chapter.181}{\376\377\0007\000\040\000W\000h\000a\000t\000\040\000h\000a\000v\000e\000\040\000w\000e\000\040\000l\000e\000a\000r\000n\000t\000\040\000a\000n\000d\000\040\000m\000o\000r\000e\000\040\000i\000m\000p\000o\000r\000t\000a\000n\000t\000l\000y\000,\000\040\000w\000h\000a\000t\000\040\000h\000a\000v\000e\000\040\000o\000u\000r\000\040\000n\000e\000u\000r\000a\000l\000\040\000n\000e\000t\000s\000\040\000l\000e\000a\000r\000n\000t\000?}{}% 130
\BOOKMARK [1][-]{section.182}{\376\377\0007\000.\0001\000\040\000S\000u\000m\000m\000a\000r\000y\000\040\000o\000f\000\040\000i\000m\000p\000o\000r\000t\000a\000n\000t\000\040\000p\000o\000i\000n\000t\000s}{chapter.181}% 131
\BOOKMARK [1][-]{section.183}{\376\377\0007\000.\0002\000\040\000C\000o\000n\000c\000l\000u\000s\000i\000o\000n}{chapter.181}% 132
\BOOKMARK [0][-]{chapter.184}{\376\377\0008\000\040\000F\000u\000t\000u\000r\000e\000\040\000W\000o\000r\000k}{}% 133
\BOOKMARK [1][-]{section.185}{\376\377\0008\000.\0001\000\040\000W\000h\000e\000r\000e\000\040\000d\000o\000\040\000w\000e\000\040\000g\000o\000\040\000n\000o\000w\000?}{chapter.184}% 134
\BOOKMARK [2][-]{subsection.186}{\376\377\0008\000.\0001\000.\0001\000\040\000M\000o\000r\000e\000\040\000S\000e\000n\000s\000o\000r\000s}{section.185}% 135
\BOOKMARK [2][-]{subsection.187}{\376\377\0008\000.\0001\000.\0002\000\040\000B\000e\000t\000t\000e\000r\000\040\000S\000e\000n\000s\000o\000r\000s}{section.185}% 136
\BOOKMARK [2][-]{subsection.188}{\376\377\0008\000.\0001\000.\0003\000\040\000S\000w\000a\000r\000m\000\040\000R\000o\000b\000o\000t\000s\000\040\000a\000n\000d\000\040\000t\000h\000e\000\040\000C\000l\000o\000u\000d}{section.185}% 137
\BOOKMARK [0][-]{dummy.189}{\376\377\000B\000i\000b\000l\000i\000o\000g\000r\000a\000p\000h\000y}{}% 138
