This is pdfTeX, Version 3.14159265-2.6-1.40.16 (TeX Live 2015/Debian) (preloaded format=pdflatex 2017.9.25)  26 JUL 2020 10:51
entering extended mode
 restricted \write18 enabled.
 %&-line parsing enabled.
**thesis_main.tex
(./thesis_main.tex
LaTeX2e <2016/02/01>
Babel <3.9q> and hyphenation patterns for 81 language(s) loaded.
(./hwthesis.cls
Document Class: hwthesis 2005/03/16 v0.4 Heriot-Watt Thesis Class
(/usr/share/texlive/texmf-dist/tex/latex/base/report.cls
Document Class: report 2014/09/29 v1.4h Standard LaTeX document class
(/usr/share/texlive/texmf-dist/tex/latex/base/size12.clo
File: size12.clo 2014/09/29 v1.4h Standard LaTeX file (size option)
)
\c@part=\count79
\c@chapter=\count80
\c@section=\count81
\c@subsection=\count82
\c@subsubsection=\count83
\c@paragraph=\count84
\c@subparagraph=\count85
\c@figure=\count86
\c@table=\count87
\abovecaptionskip=\skip41
\belowcaptionskip=\skip42
\bibindent=\dimen102
)
(/usr/share/texlive/texmf-dist/tex/latex/setspace/setspace.sty
Package: setspace 2011/12/19 v6.7a set line spacing
)
(/usr/share/texlive/texmf-dist/tex/latex/fancyhdr/fancyhdr.sty
\fancy@headwidth=\skip43
\f@ncyO@elh=\skip44
\f@ncyO@erh=\skip45
\f@ncyO@olh=\skip46
\f@ncyO@orh=\skip47
\f@ncyO@elf=\skip48
\f@ncyO@erf=\skip49
\f@ncyO@olf=\skip50
\f@ncyO@orf=\skip51
)
(/usr/share/texlive/texmf-dist/tex/latex/geometry/geometry.sty
Package: geometry 2010/09/12 v5.6 Page Geometry

(/usr/share/texlive/texmf-dist/tex/latex/graphics/keyval.sty
Package: keyval 2014/10/28 v1.15 key=value parser (DPC)
\KV@toks@=\toks14
)
(/usr/share/texlive/texmf-dist/tex/generic/oberdiek/ifpdf.sty
Package: ifpdf 2011/01/30 v2.3 Provides the ifpdf switch (HO)
Package ifpdf Info: pdfTeX in PDF mode is detected.
)
(/usr/share/texlive/texmf-dist/tex/generic/oberdiek/ifvtex.sty
Package: ifvtex 2010/03/01 v1.5 Detect VTeX and its facilities (HO)
Package ifvtex Info: VTeX not detected.
)
(/usr/share/texlive/texmf-dist/tex/generic/ifxetex/ifxetex.sty
Package: ifxetex 2010/09/12 v0.6 Provides ifxetex conditional
)
\Gm@cnth=\count88
\Gm@cntv=\count89
\c@Gm@tempcnt=\count90
\Gm@bindingoffset=\dimen103
\Gm@wd@mp=\dimen104
\Gm@odd@mp=\dimen105
\Gm@even@mp=\dimen106
\Gm@layoutwidth=\dimen107
\Gm@layoutheight=\dimen108
\Gm@layouthoffset=\dimen109
\Gm@layoutvoffset=\dimen110
\Gm@dimlist=\toks15
)
(/usr/share/texlive/texmf-dist/tex/latex/datetime2/datetime2.sty
Package: datetime2 2016/02/11 v1.4 (NLCT) date and time formats

(/usr/share/texlive/texmf-dist/tex/latex/tracklang/tracklang.sty
Package: tracklang 2015/03/23 v1.2 (NLCT) Track Languages

(/usr/share/texlive/texmf-dist/tex/generic/tracklang/tracklang.tex))
(/usr/share/texlive/texmf-dist/tex/latex/etoolbox/etoolbox.sty
Package: etoolbox 2015/08/02 v2.2a e-TeX tools for LaTeX (JAW)
\etb@tempcnta=\count91
)
(/usr/share/texlive/texmf-dist/tex/latex/xkeyval/xkeyval.sty
Package: xkeyval 2014/12/03 v2.7a package option processing (HA)

(/usr/share/texlive/texmf-dist/tex/generic/xkeyval/xkeyval.tex
(/usr/share/texlive/texmf-dist/tex/generic/xkeyval/xkvutils.tex
\XKV@toks=\toks16
\XKV@tempa@toks=\toks17
)
\XKV@depth=\count92
File: xkeyval.tex 2014/12/03 v2.7a key=value parser (HA)
))
(/usr/share/texlive/texmf-dist/tex/latex/datetime2-english/datetime2-en-GB.ldf
File: datetime2-en-GB.ldf 2016/03/09 v1.04 (NLCT)

(/usr/share/texlive/texmf-dist/tex/latex/datetime2-english/datetime2-english-ba
se.ldf
File: datetime2-english-base.ldf 2016/03/09 v1.04 (NLCT)
)) (/usr/share/texlive/texmf-dist/tex/latex/datetime2/datetime2-calc.sty
Package: datetime2-calc 2016/02/11 v1.4 (NLCT)

(/usr/share/texlive/texmf-dist/tex/latex/pgf/utilities/pgfkeys.sty
(/usr/share/texlive/texmf-dist/tex/generic/pgf/utilities/pgfkeys.code.tex
\pgfkeys@pathtoks=\toks18
\pgfkeys@temptoks=\toks19

(/usr/share/texlive/texmf-dist/tex/generic/pgf/utilities/pgfkeysfiltered.code.t
ex
\pgfkeys@tmptoks=\toks20
))) (/usr/share/texlive/texmf-dist/tex/latex/pgf/utilities/pgfcalendar.sty
(/usr/share/texlive/texmf-dist/tex/latex/pgf/utilities/pgfrcs.sty
(/usr/share/texlive/texmf-dist/tex/generic/pgf/utilities/pgfutil-common.tex
\pgfutil@everybye=\toks21
\pgfutil@tempdima=\dimen111
\pgfutil@tempdimb=\dimen112

(/usr/share/texlive/texmf-dist/tex/generic/pgf/utilities/pgfutil-common-lists.t
ex)) (/usr/share/texlive/texmf-dist/tex/generic/pgf/utilities/pgfutil-latex.def
\pgfutil@abb=\box26
(/usr/share/texlive/texmf-dist/tex/latex/ms/everyshi.sty
Package: everyshi 2001/05/15 v3.00 EveryShipout Package (MS)
))
(/usr/share/texlive/texmf-dist/tex/generic/pgf/utilities/pgfrcs.code.tex
Package: pgfrcs 2015/08/07 v3.0.1a (rcs-revision 1.31)
))
(/usr/share/texlive/texmf-dist/tex/generic/pgf/utilities/pgfcalendar.code.tex
File: pgfcalendar.code.tex 2007/07/23 v3.0.1a (rcs-revision 1.11)
\pgfcalendarcurrentjulian=\count93
))
\@dtm@julianday=\count94
)) (/usr/share/texlive/texmf-dist/tex/latex/tools/afterpage.sty
Package: afterpage 2014/10/28 v1.08 After-Page Package (DPC)
\AP@output=\toks22
\AP@partial=\box27
\AP@footins=\box28
))
(/usr/share/texlive/texmf-dist/tex/latex/amscls/amsthm.sty
Package: amsthm 2015/03/04 v2.20.2
\thm@style=\toks23
\thm@bodyfont=\toks24
\thm@headfont=\toks25
\thm@notefont=\toks26
\thm@headpunct=\toks27
\thm@preskip=\skip52
\thm@postskip=\skip53
\thm@headsep=\skip54
\dth@everypar=\toks28
)
(/usr/share/texlive/texmf-dist/tex/latex/graphics/graphicx.sty
Package: graphicx 2014/10/28 v1.0g Enhanced LaTeX Graphics (DPC,SPQR)

(/usr/share/texlive/texmf-dist/tex/latex/graphics/graphics.sty
Package: graphics 2016/01/03 v1.0q Standard LaTeX Graphics (DPC,SPQR)

(/usr/share/texlive/texmf-dist/tex/latex/graphics/trig.sty
Package: trig 2016/01/03 v1.10 sin cos tan (DPC)
)
(/usr/share/texlive/texmf-dist/tex/latex/latexconfig/graphics.cfg
File: graphics.cfg 2010/04/23 v1.9 graphics configuration of TeX Live
)
Package graphics Info: Driver file: pdftex.def on input line 95.

(/usr/share/texlive/texmf-dist/tex/latex/pdftex-def/pdftex.def
File: pdftex.def 2011/05/27 v0.06d Graphics/color for pdfTeX

(/usr/share/texlive/texmf-dist/tex/generic/oberdiek/infwarerr.sty
Package: infwarerr 2010/04/08 v1.3 Providing info/warning/error messages (HO)
)
(/usr/share/texlive/texmf-dist/tex/generic/oberdiek/ltxcmds.sty
Package: ltxcmds 2011/11/09 v1.22 LaTeX kernel commands for general use (HO)
)
\Gread@gobject=\count95
))
\Gin@req@height=\dimen113
\Gin@req@width=\dimen114
)
(/usr/share/texlive/texmf-dist/tex/latex/subfigure/subfigure.sty
Package: subfigure 2002/03/15 v2.1.5 subfigure package
\subfigtopskip=\skip55
\subfigcapskip=\skip56
\subfigcaptopadj=\dimen115
\subfigbottomskip=\skip57
\subfigcapmargin=\dimen116
\subfiglabelskip=\skip58
\c@subfigure=\count96
\c@lofdepth=\count97
\c@subtable=\count98
\c@lotdepth=\count99

****************************************
* Local config file subfigure.cfg used *
****************************************
(/usr/share/texlive/texmf-dist/tex/latex/subfigure/subfigure.cfg)
\subfig@top=\skip59
\subfig@bottom=\skip60
)
(/usr/share/texlive/texmf-dist/tex/latex/a4wide/a4wide.sty
Package: a4wide 1994/08/30

(/usr/share/texlive/texmf-dist/tex/latex/ntgclass/a4.sty
Package: a4 2004/04/15 v1.2g A4 based page layout
))
(/usr/share/texlive/texmf-dist/tex/latex/base/exscale.sty
Package: exscale 2014/09/29 v2.1h Standard LaTeX package exscale
LaTeX Font Info:    Redeclaring symbol font `largesymbols' on input line 57.
LaTeX Font Info:    Overwriting symbol font `largesymbols' in version `normal'
(Font)                  OMX/cmex/m/n --> OMX/cmex/m/n on input line 57.
LaTeX Font Info:    Overwriting symbol font `largesymbols' in version `bold'
(Font)                  OMX/cmex/m/n --> OMX/cmex/m/n on input line 57.
\big@size=\dimen117
)
(/usr/share/texlive/texmf-dist/tex/latex/relsize/relsize.sty
Package: relsize 2013/03/29 ver 4.1
)
(/usr/share/texlive/texmf-dist/tex/latex/lineno/lineno.sty
Package: lineno 2005/11/02 line numbers on paragraphs v4.41
\linenopenalty=\count100
\output=\toks29
\linenoprevgraf=\count101
\linenumbersep=\dimen118
\linenumberwidth=\dimen119
\c@linenumber=\count102
\c@pagewiselinenumber=\count103
\c@LN@truepage=\count104
\c@internallinenumber=\count105
\c@internallinenumbers=\count106
\quotelinenumbersep=\dimen120
\bframerule=\dimen121
\bframesep=\dimen122
\bframebox=\box29
LaTeX Info: Redefining \\ on input line 3056.
)
(/usr/share/texlive/texmf-dist/tex/latex/natbib/natbib.sty
Package: natbib 2010/09/13 8.31b (PWD, AO)
\bibhang=\skip61
\bibsep=\skip62
LaTeX Info: Redefining \cite on input line 694.
\c@NAT@ctr=\count107
)
(/usr/share/texlive/texmf-dist/tex/latex/algorithm2e/algorithm2e.sty
Package: algorithm2e 2013/01/06 v5.00 algorithms environments
\c@AlgoLine=\count108

(/usr/share/texlive/texmf-dist/tex/latex/base/ifthen.sty
Package: ifthen 2014/09/29 v1.1c Standard LaTeX ifthen package (DPC)
)
\algocf@hangindent=\skip63

(/usr/share/texlive/texmf-dist/tex/latex/tools/xspace.sty
Package: xspace 2014/10/28 v1.13 Space after command names (DPC,MH)
)
********************************************************
Package `algorithm2e' Release 5.1 -- october 19 2015 --
- algorithm2e-announce@lirmm.fr mailing list for announcement about releases
- algorithm2e-discussion@lirmm.fr mailing list for discussion about package
subscribe by emailing sympa@lirmm.fr with 'subscribe <list> <firstname name>'
- Author: Christophe Fiorio (christophe.fiorio@umontpellier.fr)
********************************************************
\skiptotal=\skip64
\skiplinenumber=\skip65
\skiprule=\skip66
\skiphlne=\skip67
\skiptext=\skip68
\skiplength=\skip69
\algomargin=\skip70
\skipalgocfslide=\skip71
\algowidth=\dimen123
\inoutsize=\dimen124
\inoutindent=\dimen125
\interspacetitleruled=\dimen126
\interspacealgoruled=\dimen127
\interspacetitleboxruled=\dimen128
\algocf@ruledwidth=\skip72
\algocf@inoutbox=\box30
\algocf@inputbox=\box31
\AlCapSkip=\skip73
\AlCapHSkip=\skip74
\algoskipindent=\skip75
\algocf@nlbox=\box32
\algocf@hangingbox=\box33
\algocf@untilbox=\box34
\algocf@skipuntil=\skip76
\algocf@capbox=\box35
\algoheightruledefault=\skip77
\algoheightrule=\skip78
\algotitleheightruledefault=\skip79
\algotitleheightrule=\skip80
\c@algocfline=\count109
\c@algocfproc=\count110
\c@algocf=\count111
\algocf@algoframe=\box36
\algocf@algobox=\box37
) (/usr/share/texlive/texmf-dist/tex/latex/tocbibind/tocbibind.sty
Package: tocbibind 2010/10/13 v1.5k extra ToC listings
Package tocbibind Info: The document has chapter divisions on input line 50.


Package tocbibind Note: Using chapter style headings, unless overridden.

) (/usr/share/texlive/texmf-dist/tex/latex/appendix/appendix.sty
Package: appendix 2009/09/02 v1.2b extra appendix facilities
\c@@pps=\count112
\c@@ppsavesec=\count113
\c@@ppsaveapp=\count114
)
(/usr/share/texlive/texmf-dist/tex/latex/csquotes/csquotes.sty
Package: csquotes 2016/01/31 v5.1g context-sensitive quotations (JAW)
\csq@reset=\count115
\csq@gtype=\count116
\csq@glevel=\count117
\csq@qlevel=\count118
\csq@maxlvl=\count119
\csq@tshold=\count120
\csq@ltx@everypar=\toks30

(/usr/share/texlive/texmf-dist/tex/latex/csquotes/csquotes.def
File: csquotes.def 2016/01/31 v5.1g csquotes generic definitions (JAW)
)
Package csquotes Info: Trying to load configuration file 'csquotes.cfg'...
Package csquotes Info: ... configuration file loaded successfully.

(/usr/share/texlive/texmf-dist/tex/latex/csquotes/csquotes.cfg
File: csquotes.cfg 
))
(/usr/share/texlive/texmf-dist/tex/latex/mathtools/mathtools.sty
Package: mathtools 2015/11/12 v1.18 mathematical typesetting tools

(/usr/share/texlive/texmf-dist/tex/latex/tools/calc.sty
Package: calc 2014/10/28 v4.3 Infix arithmetic (KKT,FJ)
\calc@Acount=\count121
\calc@Bcount=\count122
\calc@Adimen=\dimen129
\calc@Bdimen=\dimen130
\calc@Askip=\skip81
\calc@Bskip=\skip82
LaTeX Info: Redefining \setlength on input line 80.
LaTeX Info: Redefining \addtolength on input line 81.
\calc@Ccount=\count123
\calc@Cskip=\skip83
)
(/usr/share/texlive/texmf-dist/tex/latex/mathtools/mhsetup.sty
Package: mhsetup 2010/01/21 v1.2a programming setup (MH)
)
(/usr/share/texlive/texmf-dist/tex/latex/amsmath/amsmath.sty
Package: amsmath 2016/03/03 v2.15a AMS math features
\@mathmargin=\skip84

For additional information on amsmath, use the `?' option.
(/usr/share/texlive/texmf-dist/tex/latex/amsmath/amstext.sty
Package: amstext 2000/06/29 v2.01 AMS text

(/usr/share/texlive/texmf-dist/tex/latex/amsmath/amsgen.sty
File: amsgen.sty 1999/11/30 v2.0 generic functions
\@emptytoks=\toks31
\ex@=\dimen131
))
(/usr/share/texlive/texmf-dist/tex/latex/amsmath/amsbsy.sty
Package: amsbsy 1999/11/29 v1.2d Bold Symbols
\pmbraise@=\dimen132
)
(/usr/share/texlive/texmf-dist/tex/latex/amsmath/amsopn.sty
Package: amsopn 1999/12/14 v2.01 operator names
)
\inf@bad=\count124
LaTeX Info: Redefining \frac on input line 199.
\uproot@=\count125
\leftroot@=\count126
LaTeX Info: Redefining \overline on input line 297.
\classnum@=\count127
\DOTSCASE@=\count128
LaTeX Info: Redefining \ldots on input line 394.
LaTeX Info: Redefining \dots on input line 397.
LaTeX Info: Redefining \cdots on input line 518.
\Mathstrutbox@=\box38
\strutbox@=\box39
\big@size=\dimen133
LaTeX Font Info:    Redeclaring font encoding OML on input line 630.
LaTeX Font Info:    Redeclaring font encoding OMS on input line 631.
\macc@depth=\count129
\c@MaxMatrixCols=\count130
\dotsspace@=\muskip10
\c@parentequation=\count131
\dspbrk@lvl=\count132
\tag@help=\toks32
\row@=\count133
\column@=\count134
\maxfields@=\count135
\andhelp@=\toks33
\eqnshift@=\dimen134
\alignsep@=\dimen135
\tagshift@=\dimen136
\tagwidth@=\dimen137
\totwidth@=\dimen138
\lineht@=\dimen139
\@envbody=\toks34
\multlinegap=\skip85
\multlinetaggap=\skip86
\mathdisplay@stack=\toks35
LaTeX Info: Redefining \[ on input line 2735.
LaTeX Info: Redefining \] on input line 2736.
)
LaTeX Info: Thecontrolsequence`\('isalreadyrobust on input line 129.
LaTeX Info: Thecontrolsequence`\)'isalreadyrobust on input line 129.
LaTeX Info: Thecontrolsequence`\['isalreadyrobust on input line 129.
LaTeX Info: Thecontrolsequence`\]'isalreadyrobust on input line 129.
\g_MT_multlinerow_int=\count136
\l_MT_multwidth_dim=\dimen140
\origjot=\skip87
\l_MT_shortvdotswithinadjustabove_dim=\dimen141
\l_MT_shortvdotswithinadjustbelow_dim=\dimen142
\l_MT_above_intertext_sep=\dimen143
\l_MT_below_intertext_sep=\dimen144
\l_MT_above_shortintertext_sep=\dimen145
\l_MT_below_shortintertext_sep=\dimen146
)
(/usr/share/texlive/texmf-dist/tex/latex/amsfonts/amssymb.sty
Package: amssymb 2013/01/14 v3.01 AMS font symbols

(/usr/share/texlive/texmf-dist/tex/latex/amsfonts/amsfonts.sty
Package: amsfonts 2013/01/14 v3.01 Basic AMSFonts support
\symAMSa=\mathgroup4
\symAMSb=\mathgroup5
LaTeX Font Info:    Overwriting math alphabet `\mathfrak' in version `bold'
(Font)                  U/euf/m/n --> U/euf/b/n on input line 106.
))
(/usr/share/texlive/texmf-dist/tex/latex/tensor/tensor.sty
Package: tensor 2004/12/20 v2.1 tensor indices package (PGR)
\tnsr@Sps=\toks36
\tnsr@Sbs=\toks37
\tnsr@Spe=\toks38
\tnsr@Sbe=\toks39
\ncld@Mno=\toks40
)
(/usr/share/texlive/texmf-dist/tex/latex/jknapltx/mathrsfs.sty
Package: mathrsfs 1996/01/01 Math RSFS package v1.0 (jk)
\symrsfs=\mathgroup6
)
(/usr/share/texlive/texmf-dist/tex/latex/bbm-macros/bbm.sty
Package: bbm 1999/03/15 V 1.2 provides fonts for set symbols - TH
LaTeX Font Info:    Overwriting math alphabet `\mathbbm' in version `bold'
(Font)                  U/bbm/m/n --> U/bbm/bx/n on input line 33.
LaTeX Font Info:    Overwriting math alphabet `\mathbbmss' in version `bold'
(Font)                  U/bbmss/m/n --> U/bbmss/bx/n on input line 35.
)
(/usr/share/texlive/texmf-dist/tex/latex/booktabs/booktabs.sty
Package: booktabs 2005/04/14 v1.61803 publication quality tables
\heavyrulewidth=\dimen147
\lightrulewidth=\dimen148
\cmidrulewidth=\dimen149
\belowrulesep=\dimen150
\belowbottomsep=\dimen151
\aboverulesep=\dimen152
\abovetopsep=\dimen153
\cmidrulesep=\dimen154
\cmidrulekern=\dimen155
\defaultaddspace=\dimen156
\@cmidla=\count137
\@cmidlb=\count138
\@aboverulesep=\dimen157
\@belowrulesep=\dimen158
\@thisruleclass=\count139
\@lastruleclass=\count140
\@thisrulewidth=\dimen159
)
(/usr/share/texlive/texmf-dist/tex/latex/pdfpages/pdfpages.sty
Package: pdfpages 2015/09/18 v0.5d Insert pages of external PDF documents (AM)

(/usr/share/texlive/texmf-dist/tex/latex/eso-pic/eso-pic.sty
Package: eso-pic 2015/07/21 v2.0g eso-pic (RN)

(/usr/share/texlive/texmf-dist/tex/generic/oberdiek/atbegshi.sty
Package: atbegshi 2011/10/05 v1.16 At begin shipout hook (HO)
)
(/usr/share/texlive/texmf-dist/tex/latex/xcolor/xcolor.sty
Package: xcolor 2007/01/21 v2.11 LaTeX color extensions (UK)

(/usr/share/texlive/texmf-dist/tex/latex/latexconfig/color.cfg
File: color.cfg 2007/01/18 v1.5 color configuration of teTeX/TeXLive
)
Package xcolor Info: Driver file: pdftex.def on input line 225.
Package xcolor Info: Model `cmy' substituted by `cmy0' on input line 1337.
Package xcolor Info: Model `hsb' substituted by `rgb' on input line 1341.
Package xcolor Info: Model `RGB' extended on input line 1353.
Package xcolor Info: Model `HTML' substituted by `rgb' on input line 1355.
Package xcolor Info: Model `Hsb' substituted by `hsb' on input line 1356.
Package xcolor Info: Model `tHsb' substituted by `hsb' on input line 1357.
Package xcolor Info: Model `HSB' substituted by `hsb' on input line 1358.
Package xcolor Info: Model `Gray' substituted by `gray' on input line 1359.
Package xcolor Info: Model `wave' substituted by `hsb' on input line 1360.
))
\AM@pagewidth=\dimen160
\AM@pageheight=\dimen161

(/usr/share/texlive/texmf-dist/tex/latex/pdfpages/pppdftex.def
File: pppdftex.def 2015/09/18 v0.5d Pdfpages driver for pdfTeX (AM)
)
\AM@pagebox=\box40
\AM@toc@title=\toks41
\c@AM@survey=\count141
\AM@templatesizebox=\box41
)
(/usr/share/texlive/texmf-dist/tex/latex/enumitem/enumitem.sty
Package: enumitem 2011/09/28 v3.5.2 Customized lists
\labelindent=\skip88
\enit@outerparindent=\dimen162
\enit@toks=\toks42
\enit@inbox=\box42
\enitdp@description=\count142
)
(/usr/share/texlive/texmf-dist/tex/latex/multirow/multirow.sty
\bigstrutjot=\dimen163
)
(/usr/share/texlive/texmf-dist/tex/latex/tools/multicol.sty
Package: multicol 2015/08/19 v1.8n multicolumn formatting (FMi)
\c@tracingmulticols=\count143
\mult@box=\box43
\multicol@leftmargin=\dimen164
\c@unbalance=\count144
\c@collectmore=\count145
\doublecol@number=\count146
\multicoltolerance=\count147
\multicolpretolerance=\count148
\full@width=\dimen165
\page@free=\dimen166
\premulticols=\dimen167
\postmulticols=\dimen168
\multicolsep=\skip89
\multicolbaselineskip=\skip90
\partial@page=\box44
\last@line=\box45
\maxbalancingoverflow=\dimen169
\mult@rightbox=\box46
\mult@grightbox=\box47
\mult@gfirstbox=\box48
\mult@firstbox=\box49
\@tempa=\box50
\@tempa=\box51
\@tempa=\box52
\@tempa=\box53
\@tempa=\box54
\@tempa=\box55
\@tempa=\box56
\@tempa=\box57
\@tempa=\box58
\@tempa=\box59
\@tempa=\box60
\@tempa=\box61
\@tempa=\box62
\@tempa=\box63
\@tempa=\box64
\@tempa=\box65
\@tempa=\box66
\c@columnbadness=\count149
\c@finalcolumnbadness=\count150
\last@try=\dimen170
\multicolovershoot=\dimen171
\multicolundershoot=\dimen172
\mult@nat@firstbox=\box67
\colbreak@box=\box68
\mc@col@check@num=\count151
)
(/usr/share/texlive/texmf-dist/tex/latex/psnfss/times.sty
Package: times 2005/04/12 PSNFSS-v9.2a (SPQR) 
)
(/usr/share/texlive/texmf-dist/tex/latex/oberdiek/pdflscape.sty
Package: pdflscape 2008/08/11 v0.10 Display of landscape pages in PDF (HO)

(/usr/share/texlive/texmf-dist/tex/latex/graphics/lscape.sty
Package: lscape 2000/10/22 v3.01 Landscape Pages (DPC)
)
Package pdflscape Info: Auto-detected driver: pdftex on input line 80.
)
(/usr/share/texlive/texmf-dist/tex/latex/pgfgantt/pgfgantt.sty
Package: pgfgantt 2013/06/01 v4.0 Draw Gantt diagrams with TikZ

(/usr/share/texlive/texmf-dist/tex/latex/pgf/frontendlayer/tikz.sty
(/usr/share/texlive/texmf-dist/tex/latex/pgf/basiclayer/pgf.sty
Package: pgf 2015/08/07 v3.0.1a (rcs-revision 1.15)

(/usr/share/texlive/texmf-dist/tex/latex/pgf/basiclayer/pgfcore.sty
(/usr/share/texlive/texmf-dist/tex/latex/pgf/systemlayer/pgfsys.sty
(/usr/share/texlive/texmf-dist/tex/generic/pgf/systemlayer/pgfsys.code.tex
Package: pgfsys 2014/07/09 v3.0.1a (rcs-revision 1.48)

(/usr/share/texlive/texmf-dist/tex/generic/pgf/utilities/pgfkeys.code.tex)
\pgf@x=\dimen173
\pgf@y=\dimen174
\pgf@xa=\dimen175
\pgf@ya=\dimen176
\pgf@xb=\dimen177
\pgf@yb=\dimen178
\pgf@xc=\dimen179
\pgf@yc=\dimen180
\w@pgf@writea=\write3
\r@pgf@reada=\read1
\c@pgf@counta=\count152
\c@pgf@countb=\count153
\c@pgf@countc=\count154
\c@pgf@countd=\count155
\t@pgf@toka=\toks43
\t@pgf@tokb=\toks44
\t@pgf@tokc=\toks45

(/usr/share/texlive/texmf-dist/tex/generic/pgf/systemlayer/pgf.cfg
File: pgf.cfg 2008/05/14  (rcs-revision 1.7)
)
Driver file for pgf: pgfsys-pdftex.def

(/usr/share/texlive/texmf-dist/tex/generic/pgf/systemlayer/pgfsys-pdftex.def
File: pgfsys-pdftex.def 2014/10/11  (rcs-revision 1.35)

(/usr/share/texlive/texmf-dist/tex/generic/pgf/systemlayer/pgfsys-common-pdf.de
f
File: pgfsys-common-pdf.def 2013/10/10  (rcs-revision 1.13)
)))
(/usr/share/texlive/texmf-dist/tex/generic/pgf/systemlayer/pgfsyssoftpath.code.
tex
File: pgfsyssoftpath.code.tex 2013/09/09  (rcs-revision 1.9)
\pgfsyssoftpath@smallbuffer@items=\count156
\pgfsyssoftpath@bigbuffer@items=\count157
)
(/usr/share/texlive/texmf-dist/tex/generic/pgf/systemlayer/pgfsysprotocol.code.
tex
File: pgfsysprotocol.code.tex 2006/10/16  (rcs-revision 1.4)
))
(/usr/share/texlive/texmf-dist/tex/generic/pgf/basiclayer/pgfcore.code.tex
Package: pgfcore 2010/04/11 v3.0.1a (rcs-revision 1.7)

(/usr/share/texlive/texmf-dist/tex/generic/pgf/math/pgfmath.code.tex
(/usr/share/texlive/texmf-dist/tex/generic/pgf/math/pgfmathcalc.code.tex
(/usr/share/texlive/texmf-dist/tex/generic/pgf/math/pgfmathutil.code.tex)
(/usr/share/texlive/texmf-dist/tex/generic/pgf/math/pgfmathparser.code.tex
\pgfmath@dimen=\dimen181
\pgfmath@count=\count158
\pgfmath@box=\box69
\pgfmath@toks=\toks46
\pgfmath@stack@operand=\toks47
\pgfmath@stack@operation=\toks48
)
(/usr/share/texlive/texmf-dist/tex/generic/pgf/math/pgfmathfunctions.code.tex
(/usr/share/texlive/texmf-dist/tex/generic/pgf/math/pgfmathfunctions.basic.code
.tex)
(/usr/share/texlive/texmf-dist/tex/generic/pgf/math/pgfmathfunctions.trigonomet
ric.code.tex)
(/usr/share/texlive/texmf-dist/tex/generic/pgf/math/pgfmathfunctions.random.cod
e.tex)
(/usr/share/texlive/texmf-dist/tex/generic/pgf/math/pgfmathfunctions.comparison
.code.tex)
(/usr/share/texlive/texmf-dist/tex/generic/pgf/math/pgfmathfunctions.base.code.
tex)
(/usr/share/texlive/texmf-dist/tex/generic/pgf/math/pgfmathfunctions.round.code
.tex)
(/usr/share/texlive/texmf-dist/tex/generic/pgf/math/pgfmathfunctions.misc.code.
tex)
(/usr/share/texlive/texmf-dist/tex/generic/pgf/math/pgfmathfunctions.integerari
thmetics.code.tex)))
(/usr/share/texlive/texmf-dist/tex/generic/pgf/math/pgfmathfloat.code.tex
\c@pgfmathroundto@lastzeros=\count159
))
(/usr/share/texlive/texmf-dist/tex/generic/pgf/basiclayer/pgfcorepoints.code.te
x
File: pgfcorepoints.code.tex 2013/10/07  (rcs-revision 1.27)
\pgf@picminx=\dimen182
\pgf@picmaxx=\dimen183
\pgf@picminy=\dimen184
\pgf@picmaxy=\dimen185
\pgf@pathminx=\dimen186
\pgf@pathmaxx=\dimen187
\pgf@pathminy=\dimen188
\pgf@pathmaxy=\dimen189
\pgf@xx=\dimen190
\pgf@xy=\dimen191
\pgf@yx=\dimen192
\pgf@yy=\dimen193
\pgf@zx=\dimen194
\pgf@zy=\dimen195
)
(/usr/share/texlive/texmf-dist/tex/generic/pgf/basiclayer/pgfcorepathconstruct.
code.tex
File: pgfcorepathconstruct.code.tex 2013/10/07  (rcs-revision 1.29)
\pgf@path@lastx=\dimen196
\pgf@path@lasty=\dimen197
)
(/usr/share/texlive/texmf-dist/tex/generic/pgf/basiclayer/pgfcorepathusage.code
.tex
File: pgfcorepathusage.code.tex 2014/11/02  (rcs-revision 1.24)
\pgf@shorten@end@additional=\dimen198
\pgf@shorten@start@additional=\dimen199
)
(/usr/share/texlive/texmf-dist/tex/generic/pgf/basiclayer/pgfcorescopes.code.te
x
File: pgfcorescopes.code.tex 2015/05/08  (rcs-revision 1.46)
\pgfpic=\box70
\pgf@hbox=\box71
\pgf@layerbox@main=\box72
\pgf@picture@serial@count=\count160
)
(/usr/share/texlive/texmf-dist/tex/generic/pgf/basiclayer/pgfcoregraphicstate.c
ode.tex
File: pgfcoregraphicstate.code.tex 2014/11/02  (rcs-revision 1.12)
\pgflinewidth=\dimen256
)
(/usr/share/texlive/texmf-dist/tex/generic/pgf/basiclayer/pgfcoretransformation
s.code.tex
File: pgfcoretransformations.code.tex 2015/08/07  (rcs-revision 1.20)
\pgf@pt@x=\dimen257
\pgf@pt@y=\dimen258
\pgf@pt@temp=\dimen259
)
(/usr/share/texlive/texmf-dist/tex/generic/pgf/basiclayer/pgfcorequick.code.tex
File: pgfcorequick.code.tex 2008/10/09  (rcs-revision 1.3)
)
(/usr/share/texlive/texmf-dist/tex/generic/pgf/basiclayer/pgfcoreobjects.code.t
ex
File: pgfcoreobjects.code.tex 2006/10/11  (rcs-revision 1.2)
)
(/usr/share/texlive/texmf-dist/tex/generic/pgf/basiclayer/pgfcorepathprocessing
.code.tex
File: pgfcorepathprocessing.code.tex 2013/09/09  (rcs-revision 1.9)
)
(/usr/share/texlive/texmf-dist/tex/generic/pgf/basiclayer/pgfcorearrows.code.te
x
File: pgfcorearrows.code.tex 2015/05/14  (rcs-revision 1.43)
\pgfarrowsep=\dimen260
)
(/usr/share/texlive/texmf-dist/tex/generic/pgf/basiclayer/pgfcoreshade.code.tex
File: pgfcoreshade.code.tex 2013/07/15  (rcs-revision 1.15)
\pgf@max=\dimen261
\pgf@sys@shading@range@num=\count161
)
(/usr/share/texlive/texmf-dist/tex/generic/pgf/basiclayer/pgfcoreimage.code.tex
File: pgfcoreimage.code.tex 2013/07/15  (rcs-revision 1.18)

(/usr/share/texlive/texmf-dist/tex/generic/pgf/basiclayer/pgfcoreexternal.code.
tex
File: pgfcoreexternal.code.tex 2014/07/09  (rcs-revision 1.21)
\pgfexternal@startupbox=\box73
))
(/usr/share/texlive/texmf-dist/tex/generic/pgf/basiclayer/pgfcorelayers.code.te
x
File: pgfcorelayers.code.tex 2013/07/18  (rcs-revision 1.7)
)
(/usr/share/texlive/texmf-dist/tex/generic/pgf/basiclayer/pgfcoretransparency.c
ode.tex
File: pgfcoretransparency.code.tex 2013/09/30  (rcs-revision 1.5)
)
(/usr/share/texlive/texmf-dist/tex/generic/pgf/basiclayer/pgfcorepatterns.code.
tex
File: pgfcorepatterns.code.tex 2013/11/07  (rcs-revision 1.5)
)))
(/usr/share/texlive/texmf-dist/tex/generic/pgf/modules/pgfmoduleshapes.code.tex
File: pgfmoduleshapes.code.tex 2014/03/21  (rcs-revision 1.35)
\pgfnodeparttextbox=\box74
) (/usr/share/texlive/texmf-dist/tex/generic/pgf/modules/pgfmoduleplot.code.tex
File: pgfmoduleplot.code.tex 2015/08/03  (rcs-revision 1.13)
)
(/usr/share/texlive/texmf-dist/tex/latex/pgf/compatibility/pgfcomp-version-0-65
.sty
Package: pgfcomp-version-0-65 2007/07/03 v3.0.1a (rcs-revision 1.7)
\pgf@nodesepstart=\dimen262
\pgf@nodesepend=\dimen263
)
(/usr/share/texlive/texmf-dist/tex/latex/pgf/compatibility/pgfcomp-version-1-18
.sty
Package: pgfcomp-version-1-18 2007/07/23 v3.0.1a (rcs-revision 1.1)
)) (/usr/share/texlive/texmf-dist/tex/latex/pgf/utilities/pgffor.sty
(/usr/share/texlive/texmf-dist/tex/latex/pgf/math/pgfmath.sty
(/usr/share/texlive/texmf-dist/tex/generic/pgf/math/pgfmath.code.tex))
(/usr/share/texlive/texmf-dist/tex/generic/pgf/utilities/pgffor.code.tex
Package: pgffor 2013/12/13 v3.0.1a (rcs-revision 1.25)

(/usr/share/texlive/texmf-dist/tex/generic/pgf/math/pgfmath.code.tex)
\pgffor@iter=\dimen264
\pgffor@skip=\dimen265
\pgffor@stack=\toks49
\pgffor@toks=\toks50
))
(/usr/share/texlive/texmf-dist/tex/generic/pgf/frontendlayer/tikz/tikz.code.tex
Package: tikz 2015/08/07 v3.0.1a (rcs-revision 1.151)

(/usr/share/texlive/texmf-dist/tex/generic/pgf/libraries/pgflibraryplothandlers
.code.tex
File: pgflibraryplothandlers.code.tex 2013/08/31 v3.0.1a (rcs-revision 1.20)
\pgf@plot@mark@count=\count162
\pgfplotmarksize=\dimen266
)
\tikz@lastx=\dimen267
\tikz@lasty=\dimen268
\tikz@lastxsaved=\dimen269
\tikz@lastysaved=\dimen270
\tikzleveldistance=\dimen271
\tikzsiblingdistance=\dimen272
\tikz@figbox=\box75
\tikz@figbox@bg=\box76
\tikz@tempbox=\box77
\tikz@tempbox@bg=\box78
\tikztreelevel=\count163
\tikznumberofchildren=\count164
\tikznumberofcurrentchild=\count165
\tikz@fig@count=\count166

(/usr/share/texlive/texmf-dist/tex/generic/pgf/modules/pgfmodulematrix.code.tex
File: pgfmodulematrix.code.tex 2013/09/17  (rcs-revision 1.8)
\pgfmatrixcurrentrow=\count167
\pgfmatrixcurrentcolumn=\count168
\pgf@matrix@numberofcolumns=\count169
)
\tikz@expandcount=\count170

(/usr/share/texlive/texmf-dist/tex/generic/pgf/frontendlayer/tikz/libraries/tik
zlibrarytopaths.code.tex
File: tikzlibrarytopaths.code.tex 2008/06/17 v3.0.1a (rcs-revision 1.2)
)))
(/usr/share/texlive/texmf-dist/tex/generic/pgf/frontendlayer/tikz/libraries/tik
zlibraryarrows.code.tex
File: tikzlibraryarrows.code.tex 2008/01/09 v3.0.1a (rcs-revision 1.1)

(/usr/share/texlive/texmf-dist/tex/generic/pgf/libraries/pgflibraryarrows.code.
tex
File: pgflibraryarrows.code.tex 2013/09/23 v3.0.1a (rcs-revision 1.16)
\arrowsize=\dimen273
))
(/usr/share/texlive/texmf-dist/tex/generic/pgf/frontendlayer/tikz/libraries/tik
zlibrarybackgrounds.code.tex
File: tikzlibrarybackgrounds.code.tex 2013/07/18 v3.0.1a (rcs-revision 1.3)
\pgf@layerbox@background=\box79
\pgf@layerboxsaved@background=\box80
)
(/usr/share/texlive/texmf-dist/tex/generic/pgf/frontendlayer/tikz/libraries/tik
zlibrarycalc.code.tex
File: tikzlibrarycalc.code.tex 2013/07/15 v3.0.1a (rcs-revision 1.9)
)
(/usr/share/texlive/texmf-dist/tex/generic/pgf/frontendlayer/tikz/libraries/tik
zlibrarypatterns.code.tex
File: tikzlibrarypatterns.code.tex 2008/01/15 v3.0.1a (rcs-revision 1.2)

(/usr/share/texlive/texmf-dist/tex/generic/pgf/libraries/pgflibrarypatterns.cod
e.tex
File: pgflibrarypatterns.code.tex 2008/03/03 v3.0.1a (rcs-revision 1.13)
))
(/usr/share/texlive/texmf-dist/tex/generic/pgf/frontendlayer/tikz/libraries/tik
zlibrarypositioning.code.tex
File: tikzlibrarypositioning.code.tex 2008/10/06 v3.0.1a (rcs-revision 1.7)
)
(/usr/share/texlive/texmf-dist/tex/generic/pgf/frontendlayer/tikz/libraries/tik
zlibraryshapes.geometric.code.tex
File: tikzlibraryshapes.geometric.code.tex 2008/01/09 v3.0.1a (rcs-revision 1.1
)

(/usr/share/texlive/texmf-dist/tex/generic/pgf/libraries/shapes/pgflibraryshape
s.geometric.code.tex
File: pgflibraryshapes.geometric.code.tex 2008/06/26 v3.0.1a (rcs-revision 1.1)

))
\gtt@currentline=\count171
\gtt@lasttitleline=\count172
\gtt@currgrid=\count173
\gtt@chartwidth=\count174
\gtt@lasttitleslot=\count175
\gtt@elementid=\count176
\gtt@today@slot=\count177
\gtt@startjulian=\count178
\gtt@endjulian=\count179
\gtt@calendar@slots=\count180
\gtt@calendar@weeknumber=\count181
\gtt@calendar@startofweek=\count182
\gtt@left@slot=\count183
\gtt@right@slot=\count184
)
(/usr/share/texlive/texmf-dist/tex/latex/todonotes/todonotes.sty
Package: todonotes 2015/07/09 .dtx Todonotes source and documentation.
Package: todonotes 2012/07/25
\c@@todonotes@numberoftodonotes=\count185
)
(/usr/share/texlive/texmf-dist/tex/generic/pgf/frontendlayer/tikz/libraries/tik
zlibrarymatrix.code.tex
File: tikzlibrarymatrix.code.tex 2013/07/12 v3.0.1a (rcs-revision 1.4)
)
(/usr/share/texlive/texmf-dist/tex/generic/tikz-cd/tikzlibrarycd.code.tex
(/usr/share/texlive/texmf-dist/tex/generic/pgf/frontendlayer/tikz/libraries/tik
zlibraryquotes.code.tex
File: tikzlibraryquotes.code.tex 2014/03/21 v3.0.1a (rcs-revision 1.4)
)
(/usr/share/texlive/texmf-dist/tex/generic/pgf/libraries/pgflibraryarrows.meta.
code.tex
File: pgflibraryarrows.meta.code.tex 2015/05/13 v3.0.1a (rcs-revision 1.13)
\pgfarrowinset=\dimen274
\pgfarrowlength=\dimen275
\pgfarrowwidth=\dimen276
\pgfarrowlinewidth=\dimen277
)) (/usr/share/texlive/texmf-dist/tex/latex/pgfplots/pgfplots.sty
(/usr/share/texlive/texmf-dist/tex/generic/pgfplots/pgfplots.revision.tex)
Package: pgfplots 2016/01/06 v1.13 Data Visualization (1.13)

(/usr/share/texlive/texmf-dist/tex/generic/pgfplots/pgfplots.code.tex
(/usr/share/texlive/texmf-dist/tex/generic/pgfplots/pgfplotscore.code.tex
\t@pgfplots@toka=\toks51
\t@pgfplots@tokb=\toks52
\t@pgfplots@tokc=\toks53
\pgfplots@tmpa=\dimen278
\c@pgfplots@coordindex=\count186
\c@pgfplots@scanlineindex=\count187

(/usr/share/texlive/texmf-dist/tex/generic/pgfplots/sys/pgfplotssysgeneric.code
.tex))
(/usr/share/texlive/texmf-dist/tex/generic/pgfplots/libs/pgfplotslibrary.code.t
ex)
(/usr/share/texlive/texmf-dist/tex/generic/pgfplots/oldpgfcompatib/pgfplotsoldp
gfsupp_loader.code.tex
(/usr/share/texlive/texmf-dist/tex/generic/pgf/libraries/pgflibraryfpu.code.tex
)
Package pgfplots: loading complementary arithmetics for your pgf version...

(/usr/share/texlive/texmf-dist/tex/generic/pgfplots/oldpgfcompatib/pgfplotsoldp
gfsupp_pgflibraryfpu.code.tex)
(/usr/share/texlive/texmf-dist/tex/generic/pgfplots/oldpgfcompatib/pgfplotsoldp
gfsupp_pgfmathfloat.code.tex
\c@pgfmathroundto@lastzeros=\count188
))
(/usr/share/texlive/texmf-dist/tex/generic/pgfplots/util/pgfplotsutil.code.tex
(/usr/share/texlive/texmf-dist/tex/generic/pgfplots/liststructure/pgfplotslists
tructure.code.tex)
(/usr/share/texlive/texmf-dist/tex/generic/pgfplots/liststructure/pgfplotslists
tructureext.code.tex)
(/usr/share/texlive/texmf-dist/tex/generic/pgfplots/liststructure/pgfplotsarray
.code.tex
\c@pgfplotsarray@tmp=\count189
)
(/usr/share/texlive/texmf-dist/tex/generic/pgfplots/liststructure/pgfplotsmatri
x.code.tex)
(/usr/share/texlive/texmf-dist/tex/generic/pgfplots/numtable/pgfplotstableshare
d.code.tex
\c@pgfplotstable@counta=\count190
\t@pgfplotstable@a=\toks54
)
(/usr/share/texlive/texmf-dist/tex/generic/pgfplots/liststructure/pgfplotsdeque
.code.tex)
(/usr/share/texlive/texmf-dist/tex/generic/pgfplots/util/pgfplotsbinary.code.te
x
(/usr/share/texlive/texmf-dist/tex/generic/pgfplots/util/pgfplotsbinary.data.co
de.tex))
(/usr/share/texlive/texmf-dist/tex/generic/pgfplots/util/pgfplotsutil.verb.code
.tex)
(/usr/share/texlive/texmf-dist/tex/generic/pgfplots/libs/pgflibrarypgfplots.sur
fshading.code.tex
\c@pgfplotslibrarysurf@no=\count191

(/usr/share/texlive/texmf-dist/tex/generic/pgfplots/sys/pgflibrarypgfplots.surf
shading.pgfsys-pdftex.def)))
(/usr/share/texlive/texmf-dist/tex/generic/pgfplots/util/pgfplotscolormap.code.
tex
(/usr/share/texlive/texmf-dist/tex/generic/pgfplots/util/pgfplotscolor.code.tex
))
(/usr/share/texlive/texmf-dist/tex/generic/pgfplots/pgfplotsstackedplots.code.t
ex)
(/usr/share/texlive/texmf-dist/tex/generic/pgfplots/pgfplotsplothandlers.code.t
ex
(/usr/share/texlive/texmf-dist/tex/generic/pgfplots/pgfplotsmeshplothandler.cod
e.tex
(/usr/share/texlive/texmf-dist/tex/generic/pgfplots/pgfplotsmeshplotimage.code.
tex)))
(/usr/share/texlive/texmf-dist/tex/generic/pgfplots/pgfplots.scaling.code.tex)
(/usr/share/texlive/texmf-dist/tex/generic/pgfplots/pgfplotscoordprocessing.cod
e.tex)
(/usr/share/texlive/texmf-dist/tex/generic/pgfplots/pgfplots.errorbars.code.tex
) (/usr/share/texlive/texmf-dist/tex/generic/pgfplots/pgfplots.markers.code.tex
) (/usr/share/texlive/texmf-dist/tex/generic/pgfplots/pgfplotsticks.code.tex)
(/usr/share/texlive/texmf-dist/tex/generic/pgfplots/pgfplots.paths.code.tex)
(/usr/share/texlive/texmf-dist/tex/generic/pgf/frontendlayer/tikz/libraries/tik
zlibrarydecorations.code.tex
(/usr/share/texlive/texmf-dist/tex/generic/pgf/modules/pgfmoduledecorations.cod
e.tex
\pgfdecoratedcompleteddistance=\dimen279
\pgfdecoratedremainingdistance=\dimen280
\pgfdecoratedinputsegmentcompleteddistance=\dimen281
\pgfdecoratedinputsegmentremainingdistance=\dimen282
\pgf@decorate@distancetomove=\dimen283
\pgf@decorate@repeatstate=\count192
\pgfdecorationsegmentamplitude=\dimen284
\pgfdecorationsegmentlength=\dimen285
)
\tikz@lib@dec@box=\box81
)
(/usr/share/texlive/texmf-dist/tex/generic/pgf/frontendlayer/tikz/libraries/tik
zlibrarydecorations.pathmorphing.code.tex
(/usr/share/texlive/texmf-dist/tex/generic/pgf/libraries/decorations/pgflibrary
decorations.pathmorphing.code.tex))
(/usr/share/texlive/texmf-dist/tex/generic/pgf/frontendlayer/tikz/libraries/tik
zlibrarydecorations.pathreplacing.code.tex
(/usr/share/texlive/texmf-dist/tex/generic/pgf/libraries/decorations/pgflibrary
decorations.pathreplacing.code.tex))
\pgfplots@numplots=\count193
\pgfplots@xmin@reg=\dimen286
\pgfplots@xmax@reg=\dimen287
\pgfplots@ymin@reg=\dimen288
\pgfplots@ymax@reg=\dimen289
\pgfplots@zmin@reg=\dimen290
\pgfplots@zmax@reg=\dimen291
)
(/usr/share/texlive/texmf-dist/tex/generic/pgf/frontendlayer/tikz/libraries/tik
zlibraryplotmarks.code.tex
File: tikzlibraryplotmarks.code.tex 2008/01/09 v3.0.1a (rcs-revision 1.1)

(/usr/share/texlive/texmf-dist/tex/generic/pgf/libraries/pgflibraryplotmarks.co
de.tex
File: pgflibraryplotmarks.code.tex 2015/08/03 v3.0.1a (rcs-revision 1.14)
)))
(/usr/share/texlive/texmf-dist/tex/latex/filecontents/filecontents.sty
Package: filecontents 2011/10/08 v1.3 Create an external file from within a LaT
eX document
)
(/usr/share/texlive/texmf-dist/tex/latex/adjustbox/adjustbox.sty
Package: adjustbox 2012/05/21 v1.0 Adjusting TeX boxes (trim, clip, ...)

(/usr/share/texlive/texmf-dist/tex/latex/adjustbox/adjcalc.sty
Package: adjcalc 2012/05/16 v1.1 Provides advanced setlength with multiple back
-ends (calc, etex, pgfmath)
)
(/usr/share/texlive/texmf-dist/tex/latex/adjustbox/trimclip.sty
Package: trimclip 2012/05/16 v1.0 Trim and clip general TeX material

(/usr/share/texlive/texmf-dist/tex/latex/collectbox/collectbox.sty
Package: collectbox 2012/05/17 v0.4b Collect macro arguments as boxes
\collectedbox=\box82
)
\tc@llx=\dimen292
\tc@lly=\dimen293
\tc@urx=\dimen294
\tc@ury=\dimen295
Package trimclip Info: Using driver 'tc-pdftex.def'.

(/usr/share/texlive/texmf-dist/tex/latex/adjustbox/tc-pdftex.def
File: tc-pdftex.def 2012/05/13 v1.0 Clipping driver for pdftex
))
\adjbox@Width=\dimen296
\adjbox@Height=\dimen297
\adjbox@Depth=\dimen298
\adjbox@Totalheight=\dimen299

(/usr/share/texlive/texmf-dist/tex/latex/ifoddpage/ifoddpage.sty
Package: ifoddpage 2011/09/13 v1.0 Conditionals for odd/even page detection
\c@checkoddpage=\count194
)
(/usr/share/texlive/texmf-dist/tex/latex/varwidth/varwidth.sty
Package: varwidth 2009/03/30 ver 0.92;  Variable-width minipages
\@vwid@box=\box83
\sift@deathcycles=\count195
\@vwid@loff=\dimen300
\@vwid@roff=\dimen301
))
(/usr/share/texlive/texmf-dist/tex/latex/endnotes/endnotes.sty
\c@endnote=\count196
\endnotesep=\dimen302
\@enotes=\write4
)
(/usr/share/texlive/texmf-dist/tex/latex/outlines/outlines.sty
Package: outlines 2012/1/23 1.1 Ch. Pecheur
)
(/usr/share/texlive/texmf-dist/tex/latex/acronym/acronym.sty
Package: acronym 2015/03/21 v1.41 Support for acronyms (Tobias Oetiker)

(/usr/share/texlive/texmf-dist/tex/latex/bigfoot/suffix.sty
Package: suffix 2006/07/15 1.5a Variant command support
)
(/usr/share/texlive/texmf-dist/tex/generic/xstring/xstring.sty
(/usr/share/texlive/texmf-dist/tex/generic/xstring/xstring.tex
\@xs@message=\write5
\integerpart=\count197
\decimalpart=\count198
)
Package: xstring 2013/10/13  v1.7c  String manipulations (C Tellechea)
)
\AC@clearlist=\toks55
)
(/usr/share/texlive/texmf-dist/tex/latex/hyperref/hyperref.sty
Package: hyperref 2012/11/06 v6.83m Hypertext links for LaTeX

(/usr/share/texlive/texmf-dist/tex/generic/oberdiek/hobsub-hyperref.sty
Package: hobsub-hyperref 2012/05/28 v1.13 Bundle oberdiek, subset hyperref (HO)


(/usr/share/texlive/texmf-dist/tex/generic/oberdiek/hobsub-generic.sty
Package: hobsub-generic 2012/05/28 v1.13 Bundle oberdiek, subset generic (HO)
Package: hobsub 2012/05/28 v1.13 Construct package bundles (HO)
Package hobsub Info: Skipping package `infwarerr' (already loaded).
Package hobsub Info: Skipping package `ltxcmds' (already loaded).
Package: ifluatex 2010/03/01 v1.3 Provides the ifluatex switch (HO)
Package ifluatex Info: LuaTeX not detected.
Package hobsub Info: Skipping package `ifvtex' (already loaded).
Package: intcalc 2007/09/27 v1.1 Expandable calculations with integers (HO)
Package hobsub Info: Skipping package `ifpdf' (already loaded).
Package: etexcmds 2011/02/16 v1.5 Avoid name clashes with e-TeX commands (HO)
Package etexcmds Info: Could not find \expanded.
(etexcmds)             That can mean that you are not using pdfTeX 1.50 or
(etexcmds)             that some package has redefined \expanded.
(etexcmds)             In the latter case, load this package earlier.
Package: kvsetkeys 2012/04/25 v1.16 Key value parser (HO)
Package: kvdefinekeys 2011/04/07 v1.3 Define keys (HO)
Package: pdftexcmds 2011/11/29 v0.20 Utility functions of pdfTeX for LuaTeX (HO
)
Package pdftexcmds Info: LuaTeX not detected.
Package pdftexcmds Info: \pdf@primitive is available.
Package pdftexcmds Info: \pdf@ifprimitive is available.
Package pdftexcmds Info: \pdfdraftmode found.
Package: pdfescape 2011/11/25 v1.13 Implements pdfTeX's escape features (HO)
Package: bigintcalc 2012/04/08 v1.3 Expandable calculations on big integers (HO
)
Package: bitset 2011/01/30 v1.1 Handle bit-vector datatype (HO)
Package: uniquecounter 2011/01/30 v1.2 Provide unlimited unique counter (HO)
)
Package hobsub Info: Skipping package `hobsub' (already loaded).
Package: letltxmacro 2010/09/02 v1.4 Let assignment for LaTeX macros (HO)
Package: hopatch 2012/05/28 v1.2 Wrapper for package hooks (HO)
Package: xcolor-patch 2011/01/30 xcolor patch
Package: atveryend 2011/06/30 v1.8 Hooks at the very end of document (HO)
Package hobsub Info: Skipping package `atbegshi' (already loaded).
Package: refcount 2011/10/16 v3.4 Data extraction from label references (HO)
Package: hycolor 2011/01/30 v1.7 Color options for hyperref/bookmark (HO)
)
(/usr/share/texlive/texmf-dist/tex/latex/oberdiek/auxhook.sty
Package: auxhook 2011/03/04 v1.3 Hooks for auxiliary files (HO)
)
(/usr/share/texlive/texmf-dist/tex/latex/oberdiek/kvoptions.sty
Package: kvoptions 2011/06/30 v3.11 Key value format for package options (HO)
)
\@linkdim=\dimen303
\Hy@linkcounter=\count199
\Hy@pagecounter=\count266

(/usr/share/texlive/texmf-dist/tex/latex/hyperref/pd1enc.def
File: pd1enc.def 2012/11/06 v6.83m Hyperref: PDFDocEncoding definition (HO)
)
\Hy@SavedSpaceFactor=\count267

(/usr/share/texlive/texmf-dist/tex/latex/latexconfig/hyperref.cfg
File: hyperref.cfg 2002/06/06 v1.2 hyperref configuration of TeXLive
)
Package hyperref Info: Hyper figures OFF on input line 4443.
Package hyperref Info: Link nesting OFF on input line 4448.
Package hyperref Info: Hyper index ON on input line 4451.
Package hyperref Info: Plain pages OFF on input line 4458.
Package hyperref Info: Backreferencing OFF on input line 4463.
Package hyperref Info: Implicit mode ON; LaTeX internals redefined.
Package hyperref Info: Bookmarks ON on input line 4688.
\c@Hy@tempcnt=\count268

(/usr/share/texlive/texmf-dist/tex/latex/url/url.sty
\Urlmuskip=\muskip11
Package: url 2013/09/16  ver 3.4  Verb mode for urls, etc.
)
LaTeX Info: Redefining \url on input line 5041.
\XeTeXLinkMargin=\dimen304
\Fld@menulength=\count269
\Field@Width=\dimen305
\Fld@charsize=\dimen306
Package hyperref Info: Hyper figures OFF on input line 6295.
Package hyperref Info: Link nesting OFF on input line 6300.
Package hyperref Info: Hyper index ON on input line 6303.
Package hyperref Info: backreferencing OFF on input line 6310.
Package hyperref Info: Link coloring OFF on input line 6315.
Package hyperref Info: Link coloring with OCG OFF on input line 6320.
Package hyperref Info: PDF/A mode OFF on input line 6325.
LaTeX Info: Redefining \ref on input line 6365.
LaTeX Info: Redefining \pageref on input line 6369.
\Hy@abspage=\count270
\c@Item=\count271
\c@Hfootnote=\count272
)

Package hyperref Message: Driver (autodetected): hpdftex.

(/usr/share/texlive/texmf-dist/tex/latex/hyperref/hpdftex.def
File: hpdftex.def 2012/11/06 v6.83m Hyperref driver for pdfTeX
\Fld@listcount=\count273
\c@bookmark@seq@number=\count274

(/usr/share/texlive/texmf-dist/tex/latex/oberdiek/rerunfilecheck.sty
Package: rerunfilecheck 2011/04/15 v1.7 Rerun checks for auxiliary files (HO)
Package uniquecounter Info: New unique counter `rerunfilecheck' on input line 2
82.
)
\Hy@SectionHShift=\skip91
)
Package hyperref Info: Option `hypertexnames' set `false' on input line 136.
Package hyperref Info: Option `colorlinks' set `true' on input line 136.
Package hyperref Info: Option `breaklinks' set `true' on input line 136.

(./macros.sty
Package: macros 2018/06/04 v1.0 Christian's macros
\c@mydef=\count275
\c@mycor=\count276
)
Package csquotes Info: Checking for multilingual support...
Package csquotes Info: ... none found.
 (./thesis_main.aux)
\openout1 = `thesis_main.aux'.

LaTeX Font Info:    Checking defaults for OML/cmm/m/it on input line 164.
LaTeX Font Info:    ... okay on input line 164.
LaTeX Font Info:    Checking defaults for T1/cmr/m/n on input line 164.
LaTeX Font Info:    ... okay on input line 164.
LaTeX Font Info:    Checking defaults for OT1/cmr/m/n on input line 164.
LaTeX Font Info:    ... okay on input line 164.
LaTeX Font Info:    Checking defaults for OMS/cmsy/m/n on input line 164.
LaTeX Font Info:    ... okay on input line 164.
LaTeX Font Info:    Checking defaults for OMX/cmex/m/n on input line 164.
LaTeX Font Info:    ... okay on input line 164.
LaTeX Font Info:    Checking defaults for U/cmr/m/n on input line 164.
LaTeX Font Info:    ... okay on input line 164.
LaTeX Font Info:    Checking defaults for PD1/pdf/m/n on input line 164.
LaTeX Font Info:    ... okay on input line 164.
LaTeX Font Info:    Try loading font information for OT1+ptm on input line 164.


(/usr/share/texlive/texmf-dist/tex/latex/psnfss/ot1ptm.fd
File: ot1ptm.fd 2001/06/04 font definitions for OT1/ptm.
)
*geometry* driver: auto-detecting
*geometry* detected driver: pdftex
*geometry* verbose mode - [ preamble ] result:
* driver: pdftex
* paper: a4paper
* layout: <same size as paper>
* layoutoffset:(h,v)=(0.0pt,0.0pt)
* modes: includefoot 
* h-part:(L,W,R)=(113.81102pt, 426.79135pt, 56.9055pt)
* v-part:(T,H,B)=(56.9055pt, 731.23584pt, 56.9055pt)
* \paperwidth=597.50787pt
* \paperheight=845.04684pt
* \textwidth=426.79135pt
* \textheight=701.23584pt
* \oddsidemargin=41.54103pt
* \evensidemargin=41.54103pt
* \topmargin=-66.86449pt
* \headheight=26.5pt
* \headsep=25.0pt
* \topskip=12.0pt
* \footskip=30.0pt
* \marginparwidth=54.2025pt
* \marginparsep=10.0pt
* \columnsep=10.0pt
* \skip\footins=10.8pt plus 4.0pt minus 2.0pt
* \hoffset=0.0pt
* \voffset=0.0pt
* \mag=1000
* \@twocolumnfalse
* \@twosidefalse
* \@mparswitchfalse
* \@reversemarginfalse
* (1in=72.27pt=25.4mm, 1cm=28.453pt)

ABD: EveryShipout initializing macros
(/usr/share/texlive/texmf-dist/tex/context/base/supp-pdf.mkii
[Loading MPS to PDF converter (version 2006.09.02).]
\scratchcounter=\count277
\scratchdimen=\dimen307
\scratchbox=\box84
\nofMPsegments=\count278
\nofMParguments=\count279
\everyMPshowfont=\toks56
\MPscratchCnt=\count280
\MPscratchDim=\dimen308
\MPnumerator=\count281
\makeMPintoPDFobject=\count282
\everyMPtoPDFconversion=\toks57
) (/usr/share/texlive/texmf-dist/tex/latex/oberdiek/epstopdf-base.sty
Package: epstopdf-base 2010/02/09 v2.5 Base part for package epstopdf

(/usr/share/texlive/texmf-dist/tex/latex/oberdiek/grfext.sty
Package: grfext 2010/08/19 v1.1 Manage graphics extensions (HO)
)
Package grfext Info: Graphics extension search list:
(grfext)             [.png,.pdf,.jpg,.mps,.jpeg,.jbig2,.jb2,.PNG,.PDF,.JPG,.JPE
G,.JBIG2,.JB2,.eps]
(grfext)             \AppendGraphicsExtensions on input line 452.

(/usr/share/texlive/texmf-dist/tex/latex/latexconfig/epstopdf-sys.cfg
File: epstopdf-sys.cfg 2010/07/13 v1.3 Configuration of (r)epstopdf for TeX Liv
e
))
\AtBeginShipoutBox=\box85


Package pgfplots Warning: running in backwards compatibility mode (unsuitable t
ick labels; missing features). Consider writing \pgfplotsset{compat=1.13} into 
your preamble.
 on input line 164.

Package hyperref Info: Link coloring ON on input line 164.
(/usr/share/texlive/texmf-dist/tex/latex/hyperref/nameref.sty
Package: nameref 2012/10/27 v2.43 Cross-referencing by name of section

(/usr/share/texlive/texmf-dist/tex/generic/oberdiek/gettitlestring.sty
Package: gettitlestring 2010/12/03 v1.4 Cleanup title references (HO)
)
\c@section@level=\count283
)
LaTeX Info: Redefining \ref on input line 164.
LaTeX Info: Redefining \pageref on input line 164.
LaTeX Info: Redefining \nameref on input line 164.

(./thesis_main.out) (./thesis_main.out)
\@outlinefile=\write6
\openout6 = `thesis_main.out'.

LaTeX Font Info:    Font shape `OT1/ptm/bx/n' in size <12> not available
(Font)              Font shape `OT1/ptm/b/n' tried instead on input line 181.
LaTeX Font Info:    Font shape `OT1/ptm/bx/n' in size <20.74> not available
(Font)              Font shape `OT1/ptm/b/n' tried instead on input line 181.
LaTeX Font Info:    Try loading font information for U+msa on input line 181.

(/usr/share/texlive/texmf-dist/tex/latex/amsfonts/umsa.fd
File: umsa.fd 2013/01/14 v3.01 AMS symbols A
)
LaTeX Font Info:    Try loading font information for U+msb on input line 181.

(/usr/share/texlive/texmf-dist/tex/latex/amsfonts/umsb.fd
File: umsb.fd 2013/01/14 v3.01 AMS symbols B
)
LaTeX Font Info:    Try loading font information for U+rsfs on input line 181.

(/usr/share/texlive/texmf-dist/tex/latex/jknapltx/ursfs.fd
File: ursfs.fd 1998/03/24 rsfs font definition file (jk)
)
<LogoBlack.pdf, id=384, 30.7288pt x 32.66504pt>
File: LogoBlack.pdf Graphic file (type pdf)
 <use LogoBlack.pdf>
Package pdftex.def Info: LogoBlack.pdf used on input line 181.
(pdftex.def)             Requested size: 93.89418pt x 99.8171pt.
 [1

{/var/lib/texmf/fonts/map/pdftex/updmap/pdftex.map} <./LogoBlack.pdf>]
(./Chapters/Abstract.tex) [1] (./Chapters/Acknowledgements.tex) [1

]
<researchthesissubmission.pdf, id=407, 597.432pt x 845.07718pt>
File: researchthesissubmission.pdf Graphic file (type pdf)

<use researchthesissubmission.pdf>
Package pdftex.def Info: researchthesissubmission.pdf used on input line 214.
(pdftex.def)             Requested size: 597.43054pt x 845.07512pt.
File: researchthesissubmission.pdf Graphic file (type pdf)
 <use researchthesissubmission.pdf>
Package pdftex.def Info: researchthesissubmission.pdf used on input line 214.
(pdftex.def)             Requested size: 597.43054pt x 845.07512pt.
File: researchthesissubmission.pdf Graphic file (type pdf)

<use researchthesissubmission.pdf>
Package pdftex.def Info: researchthesissubmission.pdf used on input line 214.
(pdftex.def)             Requested size: 597.43054pt x 845.07512pt.

<researchthesissubmission.pdf, id=411, page=1, 597.432pt x 845.07718pt>
File: researchthesissubmission.pdf Graphic file (type pdf)

<use researchthesissubmission.pdf, page 1>
Package pdftex.def Info: researchthesissubmission.pdf, page1 used on input line
 214.
(pdftex.def)             Requested size: 597.43054pt x 845.07512pt.
File: researchthesissubmission.pdf Graphic file (type pdf)

<use researchthesissubmission.pdf, page 1>
Package pdftex.def Info: researchthesissubmission.pdf, page1 used on input line
 214.
(pdftex.def)             Requested size: 597.45789pt x 845.1138pt.
File: researchthesissubmission.pdf Graphic file (type pdf)

<use researchthesissubmission.pdf, page 1>
Package pdftex.def Info: researchthesissubmission.pdf, page1 used on input line
 214.
(pdftex.def)             Requested size: 597.45789pt x 845.1138pt.
File: researchthesissubmission.pdf Graphic file (type pdf)

<use researchthesissubmission.pdf, page 1>
Package pdftex.def Info: researchthesissubmission.pdf, page1 used on input line
 214.
(pdftex.def)             Requested size: 597.45789pt x 845.1138pt.
File: researchthesissubmission.pdf Graphic file (type pdf)

<use researchthesissubmission.pdf, page 1>
Package pdftex.def Info: researchthesissubmission.pdf, page1 used on input line
 214.
(pdftex.def)             Requested size: 597.45789pt x 845.1138pt.
 [1 <./researchthesissubmission.pdf>] <researchthesissubmission.pdf, id=418, pa
ge=2, 597.432pt x 845.07718pt>
File: researchthesissubmission.pdf Graphic file (type pdf)

<use researchthesissubmission.pdf, page 2>
Package pdftex.def Info: researchthesissubmission.pdf, page2 used on input line
 214.
(pdftex.def)             Requested size: 597.45789pt x 845.1138pt.
File: researchthesissubmission.pdf Graphic file (type pdf)

<use researchthesissubmission.pdf, page 2>
Package pdftex.def Info: researchthesissubmission.pdf, page2 used on input line
 214.
(pdftex.def)             Requested size: 597.45789pt x 845.1138pt.
File: researchthesissubmission.pdf Graphic file (type pdf)

<use researchthesissubmission.pdf, page 2>
Package pdftex.def Info: researchthesissubmission.pdf, page2 used on input line
 214.
(pdftex.def)             Requested size: 597.45789pt x 845.1138pt.
 [2 <./researchthesissubmission.pdf>] (./Chapters/acronyms.tex
LaTeX Font Info:    Font shape `OT1/ptm/bx/n' in size <17.28> not available
(Font)              Font shape `OT1/ptm/b/n' tried instead on input line 1.
) [1

]
LaTeX Font Info:    Font shape `OT1/ptm/bx/n' in size <24.88> not available
(Font)              Font shape `OT1/ptm/b/n' tried instead on input line 226.
 (./thesis_main.toc [2

] [3] [4]
LaTeX Font Info:    Font shape `OT1/ptm/bx/it' in size <12> not available
(Font)              Font shape `OT1/ptm/b/it' tried instead on input line 159.
)
\tf@toc=\write7
\openout7 = `thesis_main.toc'.

 [5]
(./Chapters/Chapter1.tex
Chapter 1.
Package acronym Info: Label `acro:MRL' newly defined as it shall be overridden
although it is yet undefined on input line 12.
[1


] <Figs/introduction/stirling.jpg, id=586, 111.42632pt x 173.30298pt>
File: Figs/introduction/stirling.jpg Graphic file (type jpg)

<use Figs/introduction/stirling.jpg>
Package pdftex.def Info: Figs/introduction/stirling.jpg used on input line 29.
(pdftex.def)             Requested size: 128.0387pt x 199.14612pt.
LaTeX Font Info:    Try loading font information for OT1+phv on input line 40.

(/usr/share/texlive/texmf-dist/tex/latex/psnfss/ot1phv.fd
File: ot1phv.fd 2001/06/04 scalable font definitions for OT1/phv.
)
<Figs/introduction/stirling.png, id=587, 1777.3602pt x 2763.6048pt>
File: Figs/introduction/stirling.png Graphic file (type png)

<use Figs/introduction/stirling.png>
Package pdftex.def Info: Figs/introduction/stirling.png used on input line 43.
(pdftex.def)             Requested size: 27.31013pt x 42.67519pt.
 [2 <./Figs/introduction/stirling.jpg>]
<Figs/introduction/shapes.png, id=597, 266.4354pt x 166.221pt>
File: Figs/introduction/shapes.png Graphic file (type png)

<use Figs/introduction/shapes.png>
Package pdftex.def Info: Figs/introduction/shapes.png used on input line 64.
(pdftex.def)             Requested size: 213.39568pt x 133.13673pt.
 [3 <./Figs/introduction/stirling.png> <./Figs/introduction/shapes.png>]
<Figs/chapter6/avgBrickDuckBGYGeneratedExemplars.png, id=615, 354.18323pt x 192
.99101pt>
File: Figs/chapter6/avgBrickDuckBGYGeneratedExemplars.png Graphic file (type pn
g)
 <use Figs/chapter6/avgBrickDuckBGYGeneratedExemplars.png>
Package pdftex.def Info: Figs/chapter6/avgBrickDuckBGYGeneratedExemplars.png us
ed on input line 77.
(pdftex.def)             Requested size: 320.0935pt x 174.4265pt.
Package acronym Info: Label `acro:MAE' newly defined as it shall be overridden
although it is yet undefined on input line 91.
 [4 <./Figs/chapter6/avgBrickDuckBGYGeneratedExemplars.png>]
Package acronym Info: Label `acro:VAE' newly defined as it shall be overridden
although it is yet undefined on input line 102.
Package acronym Info: Label `acro:ANN' newly defined as it shall be overridden
although it is yet undefined on input line 104.

<Figs/shapes/maeArch.png, id=647, 551.9019pt x 624.6537pt>
File: Figs/shapes/maeArch.png Graphic file (type png)

<use Figs/shapes/maeArch.png>
Package pdftex.def Info: Figs/shapes/maeArch.png used on input line 108.
(pdftex.def)             Requested size: 320.0935pt x 362.2994pt.
) (./Chapters/Chapter2.tex [5] [6 <./Figs/shapes/maeArch.png>]
Chapter 2.
LaTeX Font Info:    Font shape `OT1/ptm/bx/n' in size <14.4> not available
(Font)              Font shape `OT1/ptm/b/n' tried instead on input line 19.
<Figs/intro2dl/perceptron.png, id=678, 155.30823pt x 57.74373pt>
File: Figs/intro2dl/perceptron.png Graphic file (type png)

<use Figs/intro2dl/perceptron.png>
Package pdftex.def Info: Figs/intro2dl/perceptron.png used on input line 25.
(pdftex.def)             Requested size: 170.71393pt x 63.47598pt.
 [7

 <./Figs/intro2dl/perceptron.png>]
Package acronym Info: Label `acro:MLP' newly defined as it shall be overridden
although it is yet undefined on input line 59.

<Figs/intro2dl/mlp.png, id=693, 312.7123pt x 203.29552pt>
File: Figs/intro2dl/mlp.png Graphic file (type png)

<use Figs/intro2dl/mlp.png>
Package pdftex.def Info: Figs/intro2dl/mlp.png used on input line 63.
(pdftex.def)             Requested size: 170.71393pt x 110.98462pt.
 [8 <./Figs/intro2dl/mlp.png>] [9]
Package acronym Info: Label `acro:Tanh' newly defined as it shall be overridden

although it is yet undefined on input line 162.
Package acronym Info: Label `acro:Relu' newly defined as it shall be overridden

although it is yet undefined on input line 162.
 [10] [11]
[12]
Package acronym Info: Label `acro:MSE' newly defined as it shall be overridden
although it is yet undefined on input line 253.
 [13]
Package acronym Info: Label `acro:KLD' newly defined as it shall be overridden
although it is yet undefined on input line 286.
 [14] [15] [16]
<Figs/intro2dl/cat.png, id=827, 60.67668pt x 61.30905pt>
File: Figs/intro2dl/cat.png Graphic file (type png)

<use Figs/intro2dl/cat.png>
Package pdftex.def Info: Figs/intro2dl/cat.png used on input line 500.
(pdftex.def)             Requested size: 140.84192pt x 142.32031pt.

<Figs/intro2dl/catScrambled.png, id=828, 2022.55624pt x 2043.635pt>
File: Figs/intro2dl/catScrambled.png Graphic file (type png)

<use Figs/intro2dl/catScrambled.png>
Package pdftex.def Info: Figs/intro2dl/catScrambled.png used on input line 501.

(pdftex.def)             Requested size: 140.84192pt x 142.28947pt.
Package acronym Info: Label `acro:ConvNet' newly defined as it shall be overrid
den
although it is yet undefined on input line 511.

<Figs/intro2dl/convolutionSingleStep.png, id=834, 477.4638pt x 104.3097pt>
File: Figs/intro2dl/convolutionSingleStep.png Graphic file (type png)

<use Figs/intro2dl/convolutionSingleStep.png>
Package pdftex.def Info: Figs/intro2dl/convolutionSingleStep.png used on input 
line 521.
(pdftex.def)             Requested size: 320.0935pt x 69.93169pt.
 [17 <./Figs/intro2dl/cat.png> <./Figs/intro2dl/catScrambled.png (PNG copy)>]
<Figs/intro2dl/convolution.png, id=845, 328.1058pt x 561.5379pt>
File: Figs/intro2dl/convolution.png Graphic file (type png)

<use Figs/intro2dl/convolution.png>
Package pdftex.def Info: Figs/intro2dl/convolution.png used on input line 532.
(pdftex.def)             Requested size: 320.0935pt x 547.83571pt.

<Figs/intro2dl/convolutionImplementation.png, id=847, 310.5201pt x 445.4241pt>
File: Figs/intro2dl/convolutionImplementation.png Graphic file (type png)

<use Figs/intro2dl/convolutionImplementation.png>
Package pdftex.def Info: Figs/intro2dl/convolutionImplementation.png used on in
put line 543.
(pdftex.def)             Requested size: 320.0935pt x 459.17937pt.
 [18 <./Figs/intro2dl/convolutionSingleStep.png>] [19 <./Figs/intro2dl/convolut
ion.png>] [20 <./Figs/intro2dl/convolutionImplementation.png>] [21]
<Figs/intro2dl/TransconvolutionImplementation.png, id=886, 310.5201pt x 443.737
8pt>
File: Figs/intro2dl/TransconvolutionImplementation.png Graphic file (type png)
 <use Figs/intro2dl/TransconvolutionImplementation.png>
Package pdftex.def Info: Figs/intro2dl/TransconvolutionImplementation.png used 
on input line 576.
(pdftex.def)             Requested size: 320.0935pt x 457.44098pt.
Package acronym Info: Label `acro:AE' newly defined as it shall be overridden
although it is yet undefined on input line 605.
Package acronym Info: Label `acro:LSTM' newly defined as it shall be overridden

although it is yet undefined on input line 605.
 [22 <./Figs/intro2dl/TransconvolutionImplementation.png>]
<Figs/intro2dl/AE.png, id=900, 116.44504pt x 190.49167pt>
File: Figs/intro2dl/AE.png Graphic file (type png)

<use Figs/intro2dl/AE.png>
Package pdftex.def Info: Figs/intro2dl/AE.png used on input line 613.
(pdftex.def)             Requested size: 106.69783pt x 174.55685pt.
 [23 <./Figs/intro2dl/AE.png>]
<Figs/intro2dl/MAE.png, id=930, 317.7772pt x 214.94302pt>
File: Figs/intro2dl/MAE.png Graphic file (type png)

<use Figs/intro2dl/MAE.png>
Package pdftex.def Info: Figs/intro2dl/MAE.png used on input line 638.
(pdftex.def)             Requested size: 320.0935pt x 216.5266pt.
 [24 <./Figs/intro2dl/MAE.png>])
(./Chapters/Chapter3.tex [25]
Chapter 3.
Package acronym Info: Label `acro:GPU' newly defined as it shall be overridden
although it is yet undefined on input line 26.
[26

]
Package acronym Info: Label `acro:DL' newly defined as it shall be overridden
although it is yet undefined on input line 30.
Package acronym Info: Label `acro:NLP' newly defined as it shall be overridden
although it is yet undefined on input line 30.
 [27] [28]
Package acronym Info: Label `acro:GAN' newly defined as it shall be overridden
although it is yet undefined on input line 69.
 [29] [30] [31] [32] [33]
Package acronym Info: Label `acro:SVM' newly defined as it shall be overridden
although it is yet undefined on input line 131.
Package acronym Info: Label `acro:RNN' newly defined as it shall be overridden
although it is yet undefined on input line 133.
 [34]
LaTeX Font Info:    Try loading font information for OMS+ptm on input line 137.


(/usr/share/texlive/texmf-dist/tex/latex/psnfss/omsptm.fd
File: omsptm.fd 
)
LaTeX Font Info:    Font shape `OMS/ptm/m/n' in size <12> not available
(Font)              Font shape `OMS/cmsy/m/n' tried instead on input line 137.
 [35] [36]
Missing character: There is no  in font ptmr7t!
Missing character: There is no  in font ptmr7t!
Missing character: There is no  in font ptmr7t!
 [37]
<Figs/litReview/catcrow.jpeg, id=1268, 1051.93pt x 788.9475pt>
File: Figs/litReview/catcrow.jpeg Graphic file (type jpg)

<use Figs/litReview/catcrow.jpeg>
Package pdftex.def Info: Figs/litReview/catcrow.jpeg used on input line 180.
(pdftex.def)             Requested size: 213.39568pt x 160.03787pt.
 [38 <./Figs/litReview/catcrow.jpeg>]
Package acronym Info: Label `acro:CPU' newly defined as it shall be overridden
although it is yet undefined on input line 193.
 [39]
[40] <Figs/litReview/semioticNet.png, id=1323, 270.0489pt x 204.5241pt>
File: Figs/litReview/semioticNet.png Graphic file (type png)

<use Figs/litReview/semioticNet.png>
Package pdftex.def Info: Figs/litReview/semioticNet.png used on input line 224.

(pdftex.def)             Requested size: 213.39568pt x 161.61594pt.
 [41 <./Figs/litReview/semioticNet.png>]
[42] [43] [44]
Missing character: There is no  in font ptmr7t!
Missing character: There is no  in font ptmr7t!
Missing character: There is no  in font ptmr7t!
Missing character: There is no  in font ptmr7t!
Missing character: There is no  in font ptmr7t!
Missing character: There is no  in font ptmr7t!
 [45]
Package acronym Info: Label `acro:TPT' newly defined as it shall be overridden
although it is yet undefined on input line 306.
 [46] [47]
<Figs/litReview/anchoring.png, id=1455, 270.0489pt x 57.0933pt>
File: Figs/litReview/anchoring.png Graphic file (type png)

<use Figs/litReview/anchoring.png>
Package pdftex.def Info: Figs/litReview/anchoring.png used on input line 334.
(pdftex.def)             Requested size: 213.39568pt x 45.1154pt.
 [48 <./Figs/litReview/anchoring.png>]
<Figs/litReview/semioticNetPercept.png, id=1486, 270.5307pt x 349.305pt>
File: Figs/litReview/semioticNetPercept.png Graphic file (type png)

<use Figs/litReview/semioticNetPercept.png>
Package pdftex.def Info: Figs/litReview/semioticNetPercept.png used on input li
ne 359.
(pdftex.def)             Requested size: 213.39568pt x 275.54285pt.
 [49] [50 <./Figs/litReview/semioticNetPercept.png>] [51]) (./Chapters/Chapter4
B.tex [52]
Chapter 4.
[53

]
Runaway argument?
! Paragraph ended before \@textcolor was complete.
<to be read again> 
                   \par 
l.34 
     
I suspect you've forgotten a `}', causing me to apply this
control sequence to too much text. How can we recover?
My plan is to forget the whole thing and hope for the best.

[54]
Package acronym Info: Label `acro:MFCC' newly defined as it shall be overridden

although it is yet undefined on input line 58.
 [55] [56] [57] [58] [59] [60]
<Figs/mnistSpoken/grounderW2V.png, id=1705, 681.2652pt x 515.0442pt>
File: Figs/mnistSpoken/grounderW2V.png Graphic file (type png)

<use Figs/mnistSpoken/grounderW2V.png>
Package pdftex.def Info: Figs/mnistSpoken/grounderW2V.png used on input line 30
4.
(pdftex.def)             Requested size: 320.0935pt x 241.99222pt.
 [61] [62 <./Figs/mnistSpoken/grounderW2V.png>] <Figs/mnistSpoken/lbAll.png, id
=1745, 556.9608pt x 175.857pt>
File: Figs/mnistSpoken/lbAll.png Graphic file (type png)

<use Figs/mnistSpoken/lbAll.png>
Package pdftex.def Info: Figs/mnistSpoken/lbAll.png used on input line 383.
(pdftex.def)             Requested size: 426.79135pt x 134.76093pt.


LaTeX Warning: `h' float specifier changed to `ht'.

<Figs/mnistSpoken/5s.png, id=1748, 192.72pt x 175.1343pt>
File: Figs/mnistSpoken/5s.png Graphic file (type png)

<use Figs/mnistSpoken/5s.png>
Package pdftex.def Info: Figs/mnistSpoken/5s.png used on input line 393.
(pdftex.def)             Requested size: 192.71951pt x 175.13387pt.


LaTeX Warning: `h' float specifier changed to `ht'.

[63] [64 <./Figs/mnistSpoken/lbAll.png> <./Figs/mnistSpoken/5s.png>] [65]
[66] [67] [68]) (./Chapters/Chapter5.tex [69]
Chapter 5.
[70

] <Figs/shapes/vectorArthExmp.png, id=1890, 582.978pt x 739.563pt>
File: Figs/shapes/vectorArthExmp.png Graphic file (type png)

<use Figs/shapes/vectorArthExmp.png>
Package pdftex.def Info: Figs/shapes/vectorArthExmp.png used on input line 31.
(pdftex.def)             Requested size: 426.79135pt x 541.42253pt.

<Figs/shapes/shapes.png, id=1891, 463.7325pt x 154.8987pt>
File: Figs/shapes/shapes.png Graphic file (type png)

<use Figs/shapes/shapes.png>
Package pdftex.def Info: Figs/shapes/shapes.png used on input line 38.
(pdftex.def)             Requested size: 320.0935pt x 106.92038pt.
 [71] [72 <./Figs/shapes/vectorArthExmp.png>]
Package acronym Info: Label `acro:RGB' newly defined as it shall be overridden
although it is yet undefined on input line 46.


LaTeX Warning: `h' float specifier changed to `ht'.

[73 <./Figs/shapes/shapes.png>] [74] [75] [76]
File: Figs/shapes/maeArch.png Graphic file (type png)
 <use Figs/shapes/maeArch.png>
Package pdftex.def Info: Figs/shapes/maeArch.png used on input line 179.
(pdftex.def)             Requested size: 320.0935pt x 362.2994pt.

[77] [78] [79]
Missing character: There is no ] in font nullfont!
Missing character: There is no ] in font nullfont!
PGFPlots: reading {csvs/331/total331.csv}
PGFPlots: reading {csvs/331/total331.csv}
PGFPlots: reading {csvs/331/total331.csv}
Missing character: There is no ] in font nullfont!
Missing character: There is no ] in font nullfont!
PGFPlots: reading {csvs/331/image331.csv}
PGFPlots: reading {csvs/331/image331.csv}
PGFPlots: reading {csvs/331/image331.csv}
Missing character: There is no ] in font nullfont!
Missing character: There is no ] in font nullfont!
PGFPlots: reading {csvs/331/word331.csv}
PGFPlots: reading {csvs/331/word331.csv}
PGFPlots: reading {csvs/331/word331.csv}
 [80]

LaTeX Warning: `h' float specifier changed to `ht'.

[81] <Figs/shapes/331_8v200.png, id=2004, 534.3162pt x 351.9549pt>
File: Figs/shapes/331_8v200.png Graphic file (type png)

<use Figs/shapes/331_8v200.png>
Package pdftex.def Info: Figs/shapes/331_8v200.png used on input line 382.
(pdftex.def)             Requested size: 266.74458pt x 175.70313pt.
 [82]
<Figs/shapes/shapes331.png, id=2013, 725.8317pt x 570.2103pt>
File: Figs/shapes/shapes331.png Graphic file (type png)

<use Figs/shapes/shapes331.png>
Package pdftex.def Info: Figs/shapes/shapes331.png used on input line 398.
(pdftex.def)             Requested size: 320.0935pt x 251.46754pt.
 [83 <./Figs/shapes/331_8v200.png> <./Figs/shapes/shapes331.png>] [84]
Missing character: There is no ] in font nullfont!
Missing character: There is no ] in font nullfont!
PGFPlots: reading {csvs/333/total333.csv}
PGFPlots: reading {csvs/333/total333.csv}
PGFPlots: reading {csvs/333/total333.csv}
Missing character: There is no ] in font nullfont!
Missing character: There is no ] in font nullfont!
PGFPlots: reading {csvs/333/image333.csv}
PGFPlots: reading {csvs/333/image333.csv}
PGFPlots: reading {csvs/333/image333.csv}
Missing character: There is no ] in font nullfont!
Missing character: There is no ] in font nullfont!
PGFPlots: reading {csvs/333/word333.csv}
PGFPlots: reading {csvs/333/word333.csv}
PGFPlots: reading {csvs/333/word333.csv}
 [85] [86]
<Figs/shapes/multiword333.png, id=2049, 507.0945pt x 506.1309pt>
File: Figs/shapes/multiword333.png Graphic file (type png)

<use Figs/shapes/multiword333.png>
Package pdftex.def Info: Figs/shapes/multiword333.png used on input line 583.
(pdftex.def)             Requested size: 213.39568pt x 212.99055pt.

<Figs/shapes/singlelabel333A.png, id=2052, 725.3499pt x 554.3109pt>
File: Figs/shapes/singlelabel333A.png Graphic file (type png)

<use Figs/shapes/singlelabel333A.png>
Package pdftex.def Info: Figs/shapes/singlelabel333A.png used on input line 593
.
(pdftex.def)             Requested size: 320.0935pt x 244.60802pt.


LaTeX Warning: `h' float specifier changed to `ht'.

[87 <./Figs/shapes/multiword333.png>]
<Figs/shapes/shapes333.png, id=2063, 729.6861pt x 569.0058pt>
File: Figs/shapes/shapes333.png Graphic file (type png)

<use Figs/shapes/shapes333.png>
Package pdftex.def Info: Figs/shapes/shapes333.png used on input line 606.
(pdftex.def)             Requested size: 320.0935pt x 249.61664pt.


LaTeX Warning: `h' float specifier changed to `ht'.

<Figs/shapes/2word333A.png, id=2066, 664.884pt x 642.2394pt>
File: Figs/shapes/2word333A.png Graphic file (type png)

<use Figs/shapes/2word333A.png>
Package pdftex.def Info: Figs/shapes/2word333A.png used on input line 616.
(pdftex.def)             Requested size: 320.0935pt x 309.19258pt.


LaTeX Warning: `h' float specifier changed to `ht'.

[88 <./Figs/shapes/singlelabel333A.png>] [89 <./Figs/shapes/shapes333.png>]
<Figs/shapes/shapes331v333.png, id=2091, 410.7345pt x 569.2467pt>
File: Figs/shapes/shapes331v333.png Graphic file (type png)

<use Figs/shapes/shapes331v333.png>
Package pdftex.def Info: Figs/shapes/shapes331v333.png used on input line 634.
(pdftex.def)             Requested size: 213.39568pt x 295.75809pt.


LaTeX Warning: `h' float specifier changed to `ht'.

[90 <./Figs/shapes/2word333A.png>]

LaTeX Warning: `h' float specifier changed to `ht'.

[91 <./Figs/shapes/shapes331v333.png>] [92]
<Figs/shapes/multiword339.png, id=2131, 571.4148pt x 503.7219pt>
File: Figs/shapes/multiword339.png Graphic file (type png)

<use Figs/shapes/multiword339.png>
Package pdftex.def Info: Figs/shapes/multiword339.png used on input line 718.
(pdftex.def)             Requested size: 266.74458pt x 235.14291pt.
 [93 <./Figs/shapes/multiword339.png>]
<Figs/shapes/singlelabel339.png, id=2144, 543.9522pt x 173.2071pt>
File: Figs/shapes/singlelabel339.png Graphic file (type png)

<use Figs/shapes/singlelabel339.png>
Package pdftex.def Info: Figs/shapes/singlelabel339.png used on input line 731.

(pdftex.def)             Requested size: 320.0935pt x 101.927pt.

<Figs/shapes/singlelabel339_pos.png, id=2146, 547.3248pt x 171.2799pt>
File: Figs/shapes/singlelabel339_pos.png Graphic file (type png)

<use Figs/shapes/singlelabel339_pos.png>
Package pdftex.def Info: Figs/shapes/singlelabel339_pos.png used on input line 
740.
(pdftex.def)             Requested size: 320.0935pt x 100.17088pt.

<Figs/shapes/2word339_pos.png, id=2149, 610.6815pt x 484.9317pt>
File: Figs/shapes/2word339_pos.png Graphic file (type png)

<use Figs/shapes/2word339_pos.png>
Package pdftex.def Info: Figs/shapes/2word339_pos.png used on input line 749.
(pdftex.def)             Requested size: 320.0935pt x 254.18597pt.


LaTeX Warning: `h' float specifier changed to `ht'.

[94 <./Figs/shapes/singlelabel339.png> <./Figs/shapes/singlelabel339_pos.png>]
[95 <./Figs/shapes/2word339_pos.png>] [96] [97]
<Figs/shapes/singlelabel739_shape.png, id=2203, 387.1263pt x 225.4824pt>
File: Figs/shapes/singlelabel739_shape.png Graphic file (type png)

<use Figs/shapes/singlelabel739_shape.png>
Package pdftex.def Info: Figs/shapes/singlelabel739_shape.png used on input lin
e 838.
(pdftex.def)             Requested size: 320.0935pt x 186.43814pt.

<Figs/shapes/singlelabel739_col.png, id=2204, 438.438pt x 325.9377pt>
File: Figs/shapes/singlelabel739_col.png Graphic file (type png)

<use Figs/shapes/singlelabel739_col.png>
Package pdftex.def Info: Figs/shapes/singlelabel739_col.png used on input line 
847.
(pdftex.def)             Requested size: 320.0935pt x 237.97232pt.

<Figs/shapes/singlelabel739_pos.png, id=2205, 541.3023pt x 325.6968pt>
File: Figs/shapes/singlelabel739_pos.png Graphic file (type png)

<use Figs/shapes/singlelabel739_pos.png>
Package pdftex.def Info: Figs/shapes/singlelabel739_pos.png used on input line 
854.
(pdftex.def)             Requested size: 320.0935pt x 192.60175pt.


LaTeX Warning: `h' float specifier changed to `ht'.

<Figs/shapes/2word739_pos.png, id=2208, 604.1772pt x 634.2897pt>
File: Figs/shapes/2word739_pos.png Graphic file (type png)

<use Figs/shapes/2word739_pos.png>
Package pdftex.def Info: Figs/shapes/2word739_pos.png used on input line 866.
(pdftex.def)             Requested size: 320.0935pt x 336.0558pt.


LaTeX Warning: `!h' float specifier changed to `!ht'.

[98 <./Figs/shapes/singlelabel739_shape.png> <./Figs/shapes/singlelabel739_col.
png>] [99 <./Figs/shapes/singlelabel739_pos.png> <./Figs/shapes/2word739_pos.pn
g>] [100] [101] [102]
<Figs/shapes/739_minus1.png, id=2281, 544.1931pt x 485.6544pt>
File: Figs/shapes/739_minus1.png Graphic file (type png)

<use Figs/shapes/739_minus1.png>
Package pdftex.def Info: Figs/shapes/739_minus1.png used on input line 980.
(pdftex.def)             Requested size: 298.75264pt x 266.61424pt.


LaTeX Warning: `h' float specifier changed to `ht'.

<Figs/shapes/739_minus1_vectorArthGT.png, id=2288, 539.3751pt x 439.6425pt>
File: Figs/shapes/739_minus1_vectorArthGT.png Graphic file (type png)

<use Figs/shapes/739_minus1_vectorArthGT.png>
Package pdftex.def Info: Figs/shapes/739_minus1_vectorArthGT.png used on input 
line 989.
(pdftex.def)             Requested size: 320.0935pt x 260.91634pt.


LaTeX Warning: `h' float specifier changed to `ht'.

[103]

LaTeX Warning: `!h' float specifier changed to `!ht'.

[104 <./Figs/shapes/739_minus1.png>] [105 <./Figs/shapes/739_minus1_vectorArthG
T.png>] [106]
Package acronym Info: Label `acro:PRNG' newly defined as it shall be overridden

although it is yet undefined on input line 1057.
 [107] [108] [109]) (./Chapters/Chapter6.tex [110]
Chapter 6.

<Figs/chapter6/bimodal_system_schematic.png, id=2388, 230.60153pt x 50.22765pt>
File: Figs/chapter6/bimodal_system_schematic.png Graphic file (type png)
<use Figs/chapter6/bimodal_system_schematic.png>
Package pdftex.def Info: Figs/chapter6/bimodal_system_schematic.png used on inp
ut line 23.
(pdftex.def)             Requested size: 298.75264pt x 65.07365pt.


LaTeX Warning: `h' float specifier changed to `ht'.

Package acronym Info: Label `acro:AP' newly defined as it shall be overridden
although it is yet undefined on input line 29.
[111

]
Package acronym Info: Label `acro:ASR' newly defined as it shall be overridden
although it is yet undefined on input line 31.
 <Figs/chapter6/ReShapeExs.png, id=2400, 1541.76pt x 385.44pt>
File: Figs/chapter6/ReShapeExs.png Graphic file (type png)

<use Figs/chapter6/ReShapeExs.png>
Package pdftex.def Info: Figs/chapter6/ReShapeExs.png used on input line 39.
(pdftex.def)             Requested size: 426.79135pt x 106.69325pt.
 [112 <./Figs/chapter6/bimodal_system_schematic.png> <./Figs/chapter6/ReShapeEx
s.png>] [113]
<Figs/chapter6/ExemplarAllClasses.png, id=2420, 1130.80869pt x 551.78145pt>
File: Figs/chapter6/ExemplarAllClasses.png Graphic file (type png)

<use Figs/chapter6/ExemplarAllClasses.png>
Package pdftex.def Info: Figs/chapter6/ExemplarAllClasses.png used on input lin
e 56.
(pdftex.def)             Requested size: 612.28406pt x 298.75264pt.
 [114 <./Figs/chapter6/ExemplarAllClasses.png>]
File: Figs/shapes/maeArch.png Graphic file (type png)
 <use Figs/shapes/maeArch.png>
Package pdftex.def Info: Figs/shapes/maeArch.png used on input line 72.
(pdftex.def)             Requested size: 320.0935pt x 362.2994pt.
 [115] [116]
<Figs/chapter6/ReShapeCrop.png, id=2458, 481.8pt x 481.8pt>
File: Figs/chapter6/ReShapeCrop.png Graphic file (type png)

<use Figs/chapter6/ReShapeCrop.png>
Package pdftex.def Info: Figs/chapter6/ReShapeCrop.png used on input line 92.
(pdftex.def)             Requested size: 298.75264pt x 298.75702pt.


LaTeX Warning: `h' float specifier changed to `ht'.

<Figs/chapter6/cropHeuristics.png, id=2462, 642.4pt x 481.8pt>
File: Figs/chapter6/cropHeuristics.png Graphic file (type png)

<use Figs/chapter6/cropHeuristics.png>
Package pdftex.def Info: Figs/chapter6/cropHeuristics.png used on input line 10
3.
(pdftex.def)             Requested size: 298.75264pt x 224.07144pt.

<Figs/chapter6/avgBrickDuckBGY.png, id=2463, 350.96118pt x 192.99101pt>
File: Figs/chapter6/avgBrickDuckBGY.png Graphic file (type png)

<use Figs/chapter6/avgBrickDuckBGY.png>
Package pdftex.def Info: Figs/chapter6/avgBrickDuckBGY.png used on input line 1
18.
(pdftex.def)             Requested size: 298.75264pt x 164.2905pt.
 [117]
<Figs/chapter6/avgMost.png, id=2470, 819.61407pt x 293.63301pt>
File: Figs/chapter6/avgMost.png Graphic file (type png)

<use Figs/chapter6/avgMost.png>
Package pdftex.def Info: Figs/chapter6/avgMost.png used on input line 125.
(pdftex.def)             Requested size: 426.79135pt x 152.90062pt.
 [118 <./Figs/chapter6/ReShapeCrop.png>]
<Figs/chapter6/avgBrickDuckBGYExemplars.png, id=2488, 351.29242pt x 192.99101pt
>
File: Figs/chapter6/avgBrickDuckBGYExemplars.png Graphic file (type png)
 <use Figs/chapter6/avgBrickDuckBGYExemplars.png>
Package pdftex.def Info: Figs/chapter6/avgBrickDuckBGYExemplars.png used on inp
ut line 142.
(pdftex.def)             Requested size: 298.75264pt x 164.13147pt.


LaTeX Warning: `h' float specifier changed to `ht'.

[119 <./Figs/chapter6/cropHeuristics.png (PNG copy)> <./Figs/chapter6/avgBrickD
uckBGY.png>]

LaTeX Warning: `!h' float specifier changed to `!ht'.

[120 <./Figs/chapter6/avgMost.png> <./Figs/chapter6/avgBrickDuckBGYExemplars.pn
g>]
<Figs/chapter6/avgBrickDuckBGYGenerated.png, id=2514, 350.96118pt x 192.99101pt
>
File: Figs/chapter6/avgBrickDuckBGYGenerated.png Graphic file (type png)
 <use Figs/chapter6/avgBrickDuckBGYGenerated.png>
Package pdftex.def Info: Figs/chapter6/avgBrickDuckBGYGenerated.png used on inp
ut line 194.
(pdftex.def)             Requested size: 298.75264pt x 164.2905pt.
 [121 <./Figs/chapter6/avgBrickDuckBGYGenerated.png>]
File: Figs/chapter6/avgBrickDuckBGYGeneratedExemplars.png Graphic file (type pn
g)

<use Figs/chapter6/avgBrickDuckBGYGeneratedExemplars.png>
Package pdftex.def Info: Figs/chapter6/avgBrickDuckBGYGeneratedExemplars.png us
ed on input line 203.
(pdftex.def)             Requested size: 298.75264pt x 162.79747pt.

<Figs/chapter6/2wordsSimpleBrickDuck.png, id=2532, 443.10544pt x 426.30266pt>
File: Figs/chapter6/2wordsSimpleBrickDuck.png Graphic file (type png)

<use Figs/chapter6/2wordsSimpleBrickDuck.png>
Package pdftex.def Info: Figs/chapter6/2wordsSimpleBrickDuck.png used on input 
line 214.
(pdftex.def)             Requested size: 298.75264pt x 287.42964pt.

<Figs/chapter6/2wordsExemplarBrickDuck.png, id=2533, 443.10544pt x 426.30266pt>
File: Figs/chapter6/2wordsExemplarBrickDuck.png Graphic file (type png)
<use Figs/chapter6/2wordsExemplarBrickDuck.png>
Package pdftex.def Info: Figs/chapter6/2wordsExemplarBrickDuck.png used on inpu
t line 221.
(pdftex.def)             Requested size: 298.75264pt x 287.42964pt.
 [122] [123 <./Figs/chapter6/2wordsSimpleBrickDuck.png>]

LaTeX Warning: `h' float specifier changed to `ht'.

<Figs/chapter6/exemplarMost.png, id=2558, 821.27628pt x 295.07841pt>
File: Figs/chapter6/exemplarMost.png Graphic file (type png)

<use Figs/chapter6/exemplarMost.png>
Package pdftex.def Info: Figs/chapter6/exemplarMost.png used on input line 280.

(pdftex.def)             Requested size: 426.79135pt x 153.34709pt.


LaTeX Warning: `!h' float specifier changed to `!ht'.

[124 <./Figs/chapter6/2wordsExemplarBrickDuck.png>]
<Figs/chapter6/exemplarMostGenerated.png, id=2572, 821.34856pt x 296.307pt>
File: Figs/chapter6/exemplarMostGenerated.png Graphic file (type png)

<use Figs/chapter6/exemplarMostGenerated.png>
Package pdftex.def Info: Figs/chapter6/exemplarMostGenerated.png used on input 
line 309.
(pdftex.def)             Requested size: 426.79135pt x 153.96748pt.
 [125 <./Figs/chapter6/exemplarMost.png>]
<Figs/chapter6/2wordsMostExemplar.png, id=2590, 717.27975pt x 687.86586pt>
File: Figs/chapter6/2wordsMostExemplar.png Graphic file (type png)

<use Figs/chapter6/2wordsMostExemplar.png>
Package pdftex.def Info: Figs/chapter6/2wordsMostExemplar.png used on input lin
e 324.
(pdftex.def)             Requested size: 426.79135pt x 409.30101pt.
 [126 <./Figs/chapter6/exemplarMostGenerated.png>] [127 <./Figs/chapter6/2words
MostExemplar.png>] [128])
(./Chapters/Chapter7.tex [129]
Chapter 7.
[130

]
Package acronym Info: Label `acro:HRI' newly defined as it shall be overridden
although it is yet undefined on input line 39.
 [131] <Figs/futureWork/fsm.png, id=2678, 210.7875pt x 156.585pt>
File: Figs/futureWork/fsm.png Graphic file (type png)

<use Figs/futureWork/fsm.png>
Package pdftex.def Info: Figs/futureWork/fsm.png used on input line 44.
(pdftex.def)             Requested size: 426.79135pt x 317.0518pt.
Package acronym Info: Label `acro:FSM' newly defined as it shall be overridden
although it is yet undefined on input line 49.
Package acronym Info: Label `acro:NLU' newly defined as it shall be overridden
although it is yet undefined on input line 49.

<Figs/shapes/findingRefferant.png, id=2685, 624.4128pt x 375.0813pt>
File: Figs/shapes/findingRefferant.png Graphic file (type png)

<use Figs/shapes/findingRefferant.png>
Package pdftex.def Info: Figs/shapes/findingRefferant.png used on input line 53
.
(pdftex.def)             Requested size: 426.79135pt x 256.36826pt.
 [132 <./Figs/futureWork/fsm.png>]
[133 <./Figs/shapes/findingRefferant.png>]) (./Chapters/Appendix2.tex [134]
Appendix A.
LaTeX Font Info:    Font shape `OT1/ptm/bx/it' in size <24.88> not available
(Font)              Font shape `OT1/ptm/b/it' tried instead on input line 1.
\openout4 = `thesis_main.ent'.

[135

] (./thesis_main.ent)) (./Chapters/Appendix4.tex [136]
Appendix B.
[137

] [138]) (./Chapters/Appendix5.tex
Appendix C.
) (./thesis_main.bbl [139



] [140

] [141] [142] [143] [144] [145] [146] [147]
Missing character: There is no  in font ptmr7t!
Missing character: There is no  in font ptmr7t!
Missing character: There is no  in font ptmr7t!
Missing character: There is no  in font ptmr7t!
Missing character: There is no  in font ptmr7t!
Missing character: There is no  in font ptmr7t!
Missing character: There is no  in font ptmr7t!
Missing character: There is no  in font ptmr7t!
Missing character: There is no  in font ptmr7t!

[148]
** WARNING: IEEEtran.bst: No hyphenation pattern has been
** loaded for the language `eng'. Using the pattern for
** the default language instead.
** WARNING: IEEEtran.bst: No hyphenation pattern has been
** loaded for the language `eng'. Using the pattern for
** the default language instead.
Missing character: There is no  in font ptmr7t!
Missing character: There is no  in font ptmr7t!
Missing character: There is no  in font ptmr7t!
[149] [150] [151] [152]) [153]
Package atveryend Info: Empty hook `BeforeClearDocument' on input line 258.
Package atveryend Info: Empty hook `AfterLastShipout' on input line 258.
 (./thesis_main.aux)
Package atveryend Info: Executing hook `AtVeryEndDocument' on input line 258.
Package atveryend Info: Executing hook `AtEndAfterFileList' on input line 258.
Package rerunfilecheck Info: File `thesis_main.out' has not changed.
(rerunfilecheck)             Checksum: EACAF9AA3FE066B3F340C21C650308EC;6552.
 ) 
Here is how much of TeX's memory you used:
 38199 strings out of 493029
 867421 string characters out of 6136234
 2180500 words of memory out of 5000000
 40229 multiletter control sequences out of 15000+600000
 42600 words of font info for 91 fonts, out of 8000000 for 9000
 1141 hyphenation exceptions out of 8191
 71i,21n,108p,1293b,2663s stack positions out of 5000i,500n,10000p,200000b,80000s
{/usr/share/texlive/texmf-dist/fonts/enc/dvips/base/8r.enc}</usr/share/texliv
e/texmf-dist/fonts/type1/public/amsfonts/cm/cmex10.pfb></usr/share/texlive/texm
f-dist/fonts/type1/public/amsfonts/cm/cmmi10.pfb></usr/share/texlive/texmf-dist
/fonts/type1/public/amsfonts/cm/cmmi12.pfb></usr/share/texlive/texmf-dist/fonts
/type1/public/amsfonts/cm/cmmi6.pfb></usr/share/texlive/texmf-dist/fonts/type1/
public/amsfonts/cm/cmmi8.pfb></usr/share/texlive/texmf-dist/fonts/type1/public/
amsfonts/cm/cmr10.pfb></usr/share/texlive/texmf-dist/fonts/type1/public/amsfont
s/cm/cmr12.pfb></usr/share/texlive/texmf-dist/fonts/type1/public/amsfonts/cm/cm
r8.pfb></usr/share/texlive/texmf-dist/fonts/type1/public/amsfonts/cm/cmsy10.pfb
></usr/share/texlive/texmf-dist/fonts/type1/public/amsfonts/cm/cmsy8.pfb></usr/
share/texlive/texmf-dist/fonts/type1/urw/helvetic/uhvr8a.pfb></usr/share/texliv
e/texmf-dist/fonts/type1/urw/times/utmb8a.pfb></usr/share/texlive/texmf-dist/fo
nts/type1/urw/times/utmbi8a.pfb></usr/share/texlive/texmf-dist/fonts/type1/urw/
times/utmr8a.pfb></usr/share/texlive/texmf-dist/fonts/type1/urw/times/utmri8a.p
fb>
Output written on thesis_main.pdf (163 pages, 519814402 bytes).
PDF statistics:
 3034 PDF objects out of 3580 (max. 8388607)
 2688 compressed objects within 27 object streams
 657 named destinations out of 1000 (max. 500000)
 1085 words of extra memory for PDF output out of 10000 (max. 10000000)

