\BOOKMARK [1][-]{section.1}{Acronyms}{}% 1
\BOOKMARK [0][-]{chapter.3}{Introduction}{}% 2
\BOOKMARK [1][-]{section.4}{Multimodal Representation Learning}{chapter.3}% 3
\BOOKMARK [1][-]{section.6}{Motivation}{chapter.3}% 4
\BOOKMARK [0][-]{chapter.11}{A Primer on Artificial Neural Networks}{}% 5
\BOOKMARK [1][-]{section.12}{Introduction}{chapter.11}% 6
\BOOKMARK [1][-]{section.14}{Perceptrons}{chapter.11}% 7
\BOOKMARK [2][-]{subsection.15}{What is a Perceptron}{section.14}% 8
\BOOKMARK [2][-]{subsection.18}{Multi-Layer Perceptron}{section.14}% 9
\BOOKMARK [1][-]{section.21}{Activation Functions}{chapter.11}% 10
\BOOKMARK [2][-]{subsection.24}{Sigmoid Neurons}{section.21}% 11
\BOOKMARK [1][-]{section.33}{Learning Algorithms}{chapter.11}% 12
\BOOKMARK [2][-]{subsection.34}{Types of Training}{section.33}% 13
\BOOKMARK [2][-]{subsection.35}{Cost functions: How wrong am I?}{section.33}% 14
\BOOKMARK [2][-]{subsection.44}{Gradient Descent}{section.33}% 15
\BOOKMARK [2][-]{subsection.51}{Backpropagation}{section.33}% 16
\BOOKMARK [2][-]{subsection.52}{Extensions and Improvements}{section.33}% 17
\BOOKMARK [1][-]{section.56}{Convolutional Neural Networks}{chapter.11}% 18
\BOOKMARK [2][-]{subsection.59}{What is Convolution?}{section.56}% 19
\BOOKMARK [2][-]{subsection.64}{Using Convolution Kernels in a Neural Network}{section.56}% 20
\BOOKMARK [2][-]{subsection.66}{Transposed Convolutions}{section.56}% 21
\BOOKMARK [1][-]{section.68}{Autoencoders}{chapter.11}% 22
\BOOKMARK [2][-]{subsection.72}{Variational Autoencoders}{section.68}% 23
\BOOKMARK [2][-]{subsection.74}{Multimodal Autoencoders}{section.68}% 24
\BOOKMARK [0][-]{chapter.77}{Background}{}% 25
\BOOKMARK [1][-]{section.78}{Introduction}{chapter.77}% 26
\BOOKMARK [1][-]{section.79}{What are Artifical Neural Networks good at?}{chapter.77}% 27
\BOOKMARK [2][-]{subsection.83}{Classification}{section.79}% 28
\BOOKMARK [2][-]{subsection.87}{Generation}{section.79}% 29
\BOOKMARK [2][-]{subsection.91}{Representation Learning}{section.79}% 30
\BOOKMARK [1][-]{section.96}{What are Artificial Neural Networks Bad at?}{chapter.77}% 31
\BOOKMARK [2][-]{subsection.97}{Artificial Neural Networks are Easily Fooled}{section.96}% 32
\BOOKMARK [2][-]{subsection.99}{Data Ineffciency}{section.96}% 33
\BOOKMARK [1][-]{section.101}{How to get off the Symbol Grounding Merry-Go-Round}{chapter.77}% 34
\BOOKMARK [2][-]{subsection.102}{What is Symbol Grounding?}{section.101}% 35
\BOOKMARK [2][-]{subsection.104}{How do humans do it?}{section.101}% 36
\BOOKMARK [2][-]{subsection.110}{How do machines do it?}{section.101}% 37
\BOOKMARK [1][-]{section.115}{Where do we go from here?}{chapter.77}% 38
\BOOKMARK [2][-]{subsection.116}{Robot bodies}{section.115}% 39
\BOOKMARK [2][-]{subsection.117}{Multimodality}{section.115}% 40
\BOOKMARK [2][-]{subsection.119}{transfer learning}{section.115}% 41
\BOOKMARK [0][-]{chapter.120}{Sensory Redundancy: Are two heads better than one?}{}% 42
\BOOKMARK [1][-]{section.121}{Why have one sensor when two are better?}{chapter.120}% 43
\BOOKMARK [1][-]{section.122}{Generating images from Natural Language}{chapter.120}% 44
\BOOKMARK [2][-]{subsection.123}{Aims}{section.122}% 45
\BOOKMARK [2][-]{subsection.124}{UCU Arabic Spoken Digits and MNIST}{section.122}% 46
\BOOKMARK [2][-]{subsection.130}{Problem Description}{section.122}% 47
\BOOKMARK [2][-]{subsection.133}{Experiment Details}{section.122}% 48
\BOOKMARK [2][-]{subsection.151}{Results}{section.122}% 49
\BOOKMARK [2][-]{subsection.159}{Discussion}{section.122}% 50
\BOOKMARK [1][-]{section.166}{Conclusion}{chapter.120}% 51
\BOOKMARK [0][-]{chapter.167}{Magical Vectors and Where to Find Them}{}% 52
\BOOKMARK [1][-]{section.168}{ANN Latent space: the Final Frontier}{chapter.167}% 53
\BOOKMARK [1][-]{section.170}{Vector Arithmetic}{chapter.167}% 54
\BOOKMARK [1][-]{section.173}{Artificial Shapes Dataset}{chapter.167}% 55
\BOOKMARK [2][-]{subsection.174}{Dataset Description}{section.173}% 56
\BOOKMARK [2][-]{subsection.176}{Problem Description}{section.173}% 57
\BOOKMARK [2][-]{subsection.177}{Network Description}{section.173}% 58
\BOOKMARK [1][-]{section.178}{Experiments with the ArtS Dataset}{chapter.167}% 59
\BOOKMARK [2][-]{subsection.179}{Experiment 1}{section.178}% 60
\BOOKMARK [2][-]{subsection.189}{Experiment 2}{section.178}% 61
\BOOKMARK [2][-]{subsection.202}{Experiment 3}{section.178}% 62
\BOOKMARK [2][-]{subsection.215}{Experiment 4}{section.178}% 63
\BOOKMARK [2][-]{subsection.228}{Experiment 5}{section.178}% 64
\BOOKMARK [1][-]{section.237}{Conclusion}{chapter.167}% 65
\BOOKMARK [0][-]{chapter.241}{Bidirectional Grounding of Real Data}{}% 66
\BOOKMARK [1][-]{section.242}{The Difficulties of Real Data}{chapter.241}% 67
\BOOKMARK [1][-]{section.243}{Acoustic Packaging}{chapter.241}% 68
\BOOKMARK [1][-]{section.245}{Real Shapes Dataset}{chapter.241}% 69
\BOOKMARK [2][-]{subsection.247}{Dataset Description}{section.245}% 70
\BOOKMARK [2][-]{subsection.249}{Problem Description}{section.245}% 71
\BOOKMARK [2][-]{subsection.250}{Network Description}{section.245}% 72
\BOOKMARK [1][-]{section.251}{Experiments with the ReShape dataset}{chapter.241}% 73
\BOOKMARK [2][-]{subsection.252}{Data Preprocessing}{section.251}% 74
\BOOKMARK [2][-]{subsection.255}{Training Procedures}{section.251}% 75
\BOOKMARK [1][-]{section.258}{Experiment 1}{chapter.241}% 76
\BOOKMARK [2][-]{subsection.261}{Results}{section.258}% 77
\BOOKMARK [1][-]{section.270}{Experiment 2}{chapter.241}% 78
\BOOKMARK [2][-]{subsection.273}{Results}{section.270}% 79
\BOOKMARK [2][-]{subsection.281}{Discussion}{section.270}% 80
\BOOKMARK [1][-]{section.282}{Conclusion}{chapter.241}% 81
\BOOKMARK [0][-]{chapter.283}{What have we learnt and more importantly, what have our neural nets learnt?}{}% 82
\BOOKMARK [1][-]{section.284}{Summary of important points}{chapter.283}% 83
\BOOKMARK [1][-]{section.285}{Conclusion}{chapter.283}% 84
\BOOKMARK [0][-]{chapter.286}{Future Work}{}% 85
\BOOKMARK [1][-]{section.287}{What Comes Next?}{chapter.286}% 86
\BOOKMARK [0][-]{appendix.290}{Appendix A Primer on Artifical Neural Networks}{}% 87
\BOOKMARK [0][-]{appendix.296}{Appendix Sensory Redundancy}{}% 88
\BOOKMARK [0][-]{appendix.298}{Appendix Magical Vectors and Where to Find Them}{}% 89
\BOOKMARK [0][-]{appendix*.302}{Bibliography}{}% 90
